Command: vcs -l vcs.log -timescale=1ns/1ps -sverilog -ntb_opts uvm -debug_access+all \
-full64 +incdir+../wr_agt_top +incdir+../test +incdir+../packages +incdir+../tb ../packages/ram_pkg.sv \
../tb/top.sv
                         Chronologic VCS (TM)
       Version T-2022.06-SP1_Full64 -- Tue Oct 22 15:21:38 2024

                    Copyright (c) 1991 - 2022 Synopsys, Inc.
   This software and the associated documentation are proprietary to Synopsys,
 Inc. This software may only be used in accordance with the terms and conditions
 of a written license agreement with Synopsys, Inc. All other use, reproduction,
   or distribution of this software is strictly prohibited.  Licensed Products
     communicate with Synopsys servers for the purpose of providing software
    updates, detecting software piracy and verifying that customers are using
    Licensed Products in conformity with the applicable License Key for such
  Licensed Products. Synopsys will use information gathered in connection with
    this process to deliver software updates and pursue software pirates and
                                   infringers.

 Inclusivity & Diversity - Visit SolvNetPlus to read the "Synopsys Statement on
            Inclusivity and Diversity" (Refer to article 000036315 at
                        https://solvnetplus.synopsys.com)

Parsing design file '/home/cad/eda/SYNOPSYS/VCS/vcs/T-2022.06-SP1/etc/uvm/uvm_pkg.sv'
Parsing included file '/home/cad/eda/SYNOPSYS/VCS/vcs/T-2022.06-SP1/etc/uvm/uvm_macros.svh'.
Parsing included file '/home/cad/eda/SYNOPSYS/VCS/vcs/T-2022.06-SP1/etc/uvm/macros/uvm_version_defines.svh'.
Back to file '/home/cad/eda/SYNOPSYS/VCS/vcs/T-2022.06-SP1/etc/uvm/uvm_macros.svh'.
Parsing included file '/home/cad/eda/SYNOPSYS/VCS/vcs/T-2022.06-SP1/etc/uvm/macros/snps_macros.svp'.
Back to file '/home/cad/eda/SYNOPSYS/VCS/vcs/T-2022.06-SP1/etc/uvm/uvm_macros.svh'.
Parsing included file '/home/cad/eda/SYNOPSYS/VCS/vcs/T-2022.06-SP1/etc/uvm/macros/uvm_message_defines.svh'.
Back to file '/home/cad/eda/SYNOPSYS/VCS/vcs/T-2022.06-SP1/etc/uvm/uvm_macros.svh'.
Parsing included file '/home/cad/eda/SYNOPSYS/VCS/vcs/T-2022.06-SP1/etc/uvm/macros/uvm_phase_defines.svh'.
Back to file '/home/cad/eda/SYNOPSYS/VCS/vcs/T-2022.06-SP1/etc/uvm/uvm_macros.svh'.
Parsing included file '/home/cad/eda/SYNOPSYS/VCS/vcs/T-2022.06-SP1/etc/uvm/macros/uvm_object_defines.svh'.
Back to file '/home/cad/eda/SYNOPSYS/VCS/vcs/T-2022.06-SP1/etc/uvm/uvm_macros.svh'.
Parsing included file '/home/cad/eda/SYNOPSYS/VCS/vcs/T-2022.06-SP1/etc/uvm/macros/uvm_printer_defines.svh'.
Back to file '/home/cad/eda/SYNOPSYS/VCS/vcs/T-2022.06-SP1/etc/uvm/uvm_macros.svh'.
Parsing included file '/home/cad/eda/SYNOPSYS/VCS/vcs/T-2022.06-SP1/etc/uvm/macros/uvm_tlm_defines.svh'.
Parsing included file '/home/cad/eda/SYNOPSYS/VCS/vcs/T-2022.06-SP1/etc/uvm/tlm1/uvm_tlm_imps.svh'.
Back to file '/home/cad/eda/SYNOPSYS/VCS/vcs/T-2022.06-SP1/etc/uvm/macros/uvm_tlm_defines.svh'.
Back to file '/home/cad/eda/SYNOPSYS/VCS/vcs/T-2022.06-SP1/etc/uvm/uvm_macros.svh'.
Parsing included file '/home/cad/eda/SYNOPSYS/VCS/vcs/T-2022.06-SP1/etc/uvm/macros/uvm_sequence_defines.svh'.
Back to file '/home/cad/eda/SYNOPSYS/VCS/vcs/T-2022.06-SP1/etc/uvm/uvm_macros.svh'.
Parsing included file '/home/cad/eda/SYNOPSYS/VCS/vcs/T-2022.06-SP1/etc/uvm/macros/uvm_callback_defines.svh'.
Back to file '/home/cad/eda/SYNOPSYS/VCS/vcs/T-2022.06-SP1/etc/uvm/uvm_macros.svh'.
Parsing included file '/home/cad/eda/SYNOPSYS/VCS/vcs/T-2022.06-SP1/etc/uvm/macros/uvm_reg_defines.svh'.
Back to file '/home/cad/eda/SYNOPSYS/VCS/vcs/T-2022.06-SP1/etc/uvm/uvm_macros.svh'.
Parsing included file '/home/cad/eda/SYNOPSYS/VCS/vcs/T-2022.06-SP1/etc/uvm/macros/uvm_deprecated_defines.svh'.
Back to file '/home/cad/eda/SYNOPSYS/VCS/vcs/T-2022.06-SP1/etc/uvm/uvm_macros.svh'.
Back to file '/home/cad/eda/SYNOPSYS/VCS/vcs/T-2022.06-SP1/etc/uvm/uvm_pkg.sv'.
Parsing included file '/home/cad/eda/SYNOPSYS/VCS/vcs/T-2022.06-SP1/etc/uvm/directc/uvm_directc.svh'.
Parsing included file '/home/cad/eda/SYNOPSYS/VCS/vcs/T-2022.06-SP1/etc/uvm/directc/uvm_seed.vh'.
Back to file '/home/cad/eda/SYNOPSYS/VCS/vcs/T-2022.06-SP1/etc/uvm/directc/uvm_directc.svh'.
Back to file '/home/cad/eda/SYNOPSYS/VCS/vcs/T-2022.06-SP1/etc/uvm/uvm_pkg.sv'.
Parsing included file '/home/cad/eda/SYNOPSYS/VCS/vcs/T-2022.06-SP1/etc/uvm/dpi/uvm_dpi.svh'.
Parsing included file '/home/cad/eda/SYNOPSYS/VCS/vcs/T-2022.06-SP1/etc/uvm/dpi/uvm_hdl.svh'.
Back to file '/home/cad/eda/SYNOPSYS/VCS/vcs/T-2022.06-SP1/etc/uvm/dpi/uvm_dpi.svh'.
Parsing included file '/home/cad/eda/SYNOPSYS/VCS/vcs/T-2022.06-SP1/etc/uvm/dpi/uvm_svcmd_dpi.svh'.
Back to file '/home/cad/eda/SYNOPSYS/VCS/vcs/T-2022.06-SP1/etc/uvm/dpi/uvm_dpi.svh'.
Parsing included file '/home/cad/eda/SYNOPSYS/VCS/vcs/T-2022.06-SP1/etc/uvm/dpi/uvm_regex.svh'.
Back to file '/home/cad/eda/SYNOPSYS/VCS/vcs/T-2022.06-SP1/etc/uvm/dpi/uvm_dpi.svh'.
Back to file '/home/cad/eda/SYNOPSYS/VCS/vcs/T-2022.06-SP1/etc/uvm/uvm_pkg.sv'.
Parsing included file '/home/cad/eda/SYNOPSYS/VCS/vcs/T-2022.06-SP1/etc/uvm/base/uvm_base.svh'.
Parsing included file '/home/cad/eda/SYNOPSYS/VCS/vcs/T-2022.06-SP1/etc/uvm/base/uvm_version.svh'.
Back to file '/home/cad/eda/SYNOPSYS/VCS/vcs/T-2022.06-SP1/etc/uvm/base/uvm_base.svh'.
Parsing included file '/home/cad/eda/SYNOPSYS/VCS/vcs/T-2022.06-SP1/etc/uvm/base/uvm_object_globals.svh'.
Back to file '/home/cad/eda/SYNOPSYS/VCS/vcs/T-2022.06-SP1/etc/uvm/base/uvm_base.svh'.
Parsing included file '/home/cad/eda/SYNOPSYS/VCS/vcs/T-2022.06-SP1/etc/uvm/base/uvm_misc.svh'.
Back to file '/home/cad/eda/SYNOPSYS/VCS/vcs/T-2022.06-SP1/etc/uvm/base/uvm_base.svh'.
Parsing included file '/home/cad/eda/SYNOPSYS/VCS/vcs/T-2022.06-SP1/etc/uvm/base/uvm_object.svh'.
Back to file '/home/cad/eda/SYNOPSYS/VCS/vcs/T-2022.06-SP1/etc/uvm/base/uvm_base.svh'.
Parsing included file '/home/cad/eda/SYNOPSYS/VCS/vcs/T-2022.06-SP1/etc/uvm/base/uvm_pool.svh'.
Back to file '/home/cad/eda/SYNOPSYS/VCS/vcs/T-2022.06-SP1/etc/uvm/base/uvm_base.svh'.
Parsing included file '/home/cad/eda/SYNOPSYS/VCS/vcs/T-2022.06-SP1/etc/uvm/base/uvm_queue.svh'.
Back to file '/home/cad/eda/SYNOPSYS/VCS/vcs/T-2022.06-SP1/etc/uvm/base/uvm_base.svh'.
Parsing included file '/home/cad/eda/SYNOPSYS/VCS/vcs/T-2022.06-SP1/etc/uvm/base/uvm_factory.svh'.
Back to file '/home/cad/eda/SYNOPSYS/VCS/vcs/T-2022.06-SP1/etc/uvm/base/uvm_base.svh'.
Parsing included file '/home/cad/eda/SYNOPSYS/VCS/vcs/T-2022.06-SP1/etc/uvm/base/uvm_registry.svh'.
Back to file '/home/cad/eda/SYNOPSYS/VCS/vcs/T-2022.06-SP1/etc/uvm/base/uvm_base.svh'.
Parsing included file '/home/cad/eda/SYNOPSYS/VCS/vcs/T-2022.06-SP1/etc/uvm/base/uvm_spell_chkr.svh'.
Back to file '/home/cad/eda/SYNOPSYS/VCS/vcs/T-2022.06-SP1/etc/uvm/base/uvm_base.svh'.
Parsing included file '/home/cad/eda/SYNOPSYS/VCS/vcs/T-2022.06-SP1/etc/uvm/base/uvm_resource.svh'.
Back to file '/home/cad/eda/SYNOPSYS/VCS/vcs/T-2022.06-SP1/etc/uvm/base/uvm_base.svh'.
Parsing included file '/home/cad/eda/SYNOPSYS/VCS/vcs/T-2022.06-SP1/etc/uvm/deprecated/uvm_resource_converter.svh'.
Back to file '/home/cad/eda/SYNOPSYS/VCS/vcs/T-2022.06-SP1/etc/uvm/base/uvm_base.svh'.
Parsing included file '/home/cad/eda/SYNOPSYS/VCS/vcs/T-2022.06-SP1/etc/uvm/base/uvm_resource_specializations.svh'.
Back to file '/home/cad/eda/SYNOPSYS/VCS/vcs/T-2022.06-SP1/etc/uvm/base/uvm_base.svh'.
Parsing included file '/home/cad/eda/SYNOPSYS/VCS/vcs/T-2022.06-SP1/etc/uvm/base/uvm_resource_db.svh'.
Back to file '/home/cad/eda/SYNOPSYS/VCS/vcs/T-2022.06-SP1/etc/uvm/base/uvm_base.svh'.
Parsing included file '/home/cad/eda/SYNOPSYS/VCS/vcs/T-2022.06-SP1/etc/uvm/base/uvm_config_db.svh'.
Back to file '/home/cad/eda/SYNOPSYS/VCS/vcs/T-2022.06-SP1/etc/uvm/base/uvm_base.svh'.
Parsing included file '/home/cad/eda/SYNOPSYS/VCS/vcs/T-2022.06-SP1/etc/uvm/base/uvm_printer.svh'.
Back to file '/home/cad/eda/SYNOPSYS/VCS/vcs/T-2022.06-SP1/etc/uvm/base/uvm_base.svh'.
Parsing included file '/home/cad/eda/SYNOPSYS/VCS/vcs/T-2022.06-SP1/etc/uvm/base/uvm_comparer.svh'.
Back to file '/home/cad/eda/SYNOPSYS/VCS/vcs/T-2022.06-SP1/etc/uvm/base/uvm_base.svh'.
Parsing included file '/home/cad/eda/SYNOPSYS/VCS/vcs/T-2022.06-SP1/etc/uvm/base/uvm_packer.svh'.
Back to file '/home/cad/eda/SYNOPSYS/VCS/vcs/T-2022.06-SP1/etc/uvm/base/uvm_base.svh'.
Parsing included file '/home/cad/eda/SYNOPSYS/VCS/vcs/T-2022.06-SP1/etc/uvm/base/uvm_recorder.svh'.
Back to file '/home/cad/eda/SYNOPSYS/VCS/vcs/T-2022.06-SP1/etc/uvm/base/uvm_base.svh'.
Parsing included file '/home/cad/eda/SYNOPSYS/VCS/vcs/T-2022.06-SP1/etc/uvm/base/uvm_event_callback.svh'.
Back to file '/home/cad/eda/SYNOPSYS/VCS/vcs/T-2022.06-SP1/etc/uvm/base/uvm_base.svh'.
Parsing included file '/home/cad/eda/SYNOPSYS/VCS/vcs/T-2022.06-SP1/etc/uvm/base/uvm_event.svh'.
Back to file '/home/cad/eda/SYNOPSYS/VCS/vcs/T-2022.06-SP1/etc/uvm/base/uvm_base.svh'.
Parsing included file '/home/cad/eda/SYNOPSYS/VCS/vcs/T-2022.06-SP1/etc/uvm/base/uvm_barrier.svh'.
Back to file '/home/cad/eda/SYNOPSYS/VCS/vcs/T-2022.06-SP1/etc/uvm/base/uvm_base.svh'.
Parsing included file '/home/cad/eda/SYNOPSYS/VCS/vcs/T-2022.06-SP1/etc/uvm/base/uvm_callback.svh'.
Parsing included file '/home/cad/eda/SYNOPSYS/VCS/vcs/T-2022.06-SP1/etc/uvm/uvm_macros.svh'.
Back to file '/home/cad/eda/SYNOPSYS/VCS/vcs/T-2022.06-SP1/etc/uvm/base/uvm_callback.svh'.
Back to file '/home/cad/eda/SYNOPSYS/VCS/vcs/T-2022.06-SP1/etc/uvm/base/uvm_base.svh'.
Parsing included file '/home/cad/eda/SYNOPSYS/VCS/vcs/T-2022.06-SP1/etc/uvm/base/uvm_report_catcher.svh'.
Back to file '/home/cad/eda/SYNOPSYS/VCS/vcs/T-2022.06-SP1/etc/uvm/base/uvm_base.svh'.
Parsing included file '/home/cad/eda/SYNOPSYS/VCS/vcs/T-2022.06-SP1/etc/uvm/base/uvm_report_server.svh'.
Back to file '/home/cad/eda/SYNOPSYS/VCS/vcs/T-2022.06-SP1/etc/uvm/base/uvm_base.svh'.
Parsing included file '/home/cad/eda/SYNOPSYS/VCS/vcs/T-2022.06-SP1/etc/uvm/base/uvm_report_handler.svh'.
Back to file '/home/cad/eda/SYNOPSYS/VCS/vcs/T-2022.06-SP1/etc/uvm/base/uvm_base.svh'.
Parsing included file '/home/cad/eda/SYNOPSYS/VCS/vcs/T-2022.06-SP1/etc/uvm/base/uvm_report_object.svh'.
Back to file '/home/cad/eda/SYNOPSYS/VCS/vcs/T-2022.06-SP1/etc/uvm/base/uvm_base.svh'.
Parsing included file '/home/cad/eda/SYNOPSYS/VCS/vcs/T-2022.06-SP1/etc/uvm/base/uvm_transaction.svh'.
Back to file '/home/cad/eda/SYNOPSYS/VCS/vcs/T-2022.06-SP1/etc/uvm/base/uvm_base.svh'.
Parsing included file '/home/cad/eda/SYNOPSYS/VCS/vcs/T-2022.06-SP1/etc/uvm/base/uvm_phase.svh'.
Back to file '/home/cad/eda/SYNOPSYS/VCS/vcs/T-2022.06-SP1/etc/uvm/base/uvm_base.svh'.
Parsing included file '/home/cad/eda/SYNOPSYS/VCS/vcs/T-2022.06-SP1/etc/uvm/base/uvm_domain.svh'.
Back to file '/home/cad/eda/SYNOPSYS/VCS/vcs/T-2022.06-SP1/etc/uvm/base/uvm_base.svh'.
Parsing included file '/home/cad/eda/SYNOPSYS/VCS/vcs/T-2022.06-SP1/etc/uvm/base/uvm_bottomup_phase.svh'.
Back to file '/home/cad/eda/SYNOPSYS/VCS/vcs/T-2022.06-SP1/etc/uvm/base/uvm_base.svh'.
Parsing included file '/home/cad/eda/SYNOPSYS/VCS/vcs/T-2022.06-SP1/etc/uvm/base/uvm_topdown_phase.svh'.
Back to file '/home/cad/eda/SYNOPSYS/VCS/vcs/T-2022.06-SP1/etc/uvm/base/uvm_base.svh'.
Parsing included file '/home/cad/eda/SYNOPSYS/VCS/vcs/T-2022.06-SP1/etc/uvm/base/uvm_task_phase.svh'.
Back to file '/home/cad/eda/SYNOPSYS/VCS/vcs/T-2022.06-SP1/etc/uvm/base/uvm_base.svh'.
Parsing included file '/home/cad/eda/SYNOPSYS/VCS/vcs/T-2022.06-SP1/etc/uvm/base/uvm_common_phases.svh'.
Back to file '/home/cad/eda/SYNOPSYS/VCS/vcs/T-2022.06-SP1/etc/uvm/base/uvm_base.svh'.
Parsing included file '/home/cad/eda/SYNOPSYS/VCS/vcs/T-2022.06-SP1/etc/uvm/base/uvm_runtime_phases.svh'.
Back to file '/home/cad/eda/SYNOPSYS/VCS/vcs/T-2022.06-SP1/etc/uvm/base/uvm_base.svh'.
Parsing included file '/home/cad/eda/SYNOPSYS/VCS/vcs/T-2022.06-SP1/etc/uvm/base/uvm_component.svh'.
Parsing included file '/home/cad/eda/SYNOPSYS/VCS/vcs/T-2022.06-SP1/etc/uvm/base/uvm_root.svh'.
Back to file '/home/cad/eda/SYNOPSYS/VCS/vcs/T-2022.06-SP1/etc/uvm/base/uvm_component.svh'.
Back to file '/home/cad/eda/SYNOPSYS/VCS/vcs/T-2022.06-SP1/etc/uvm/base/uvm_base.svh'.
Parsing included file '/home/cad/eda/SYNOPSYS/VCS/vcs/T-2022.06-SP1/etc/uvm/base/uvm_objection.svh'.
Back to file '/home/cad/eda/SYNOPSYS/VCS/vcs/T-2022.06-SP1/etc/uvm/base/uvm_base.svh'.
Parsing included file '/home/cad/eda/SYNOPSYS/VCS/vcs/T-2022.06-SP1/etc/uvm/base/uvm_heartbeat.svh'.
Back to file '/home/cad/eda/SYNOPSYS/VCS/vcs/T-2022.06-SP1/etc/uvm/base/uvm_base.svh'.
Parsing included file '/home/cad/eda/SYNOPSYS/VCS/vcs/T-2022.06-SP1/etc/uvm/base/uvm_globals.svh'.
Back to file '/home/cad/eda/SYNOPSYS/VCS/vcs/T-2022.06-SP1/etc/uvm/base/uvm_base.svh'.
Parsing included file '/home/cad/eda/SYNOPSYS/VCS/vcs/T-2022.06-SP1/etc/uvm/base/uvm_cmdline_processor.svh'.
Back to file '/home/cad/eda/SYNOPSYS/VCS/vcs/T-2022.06-SP1/etc/uvm/base/uvm_base.svh'.
Back to file '/home/cad/eda/SYNOPSYS/VCS/vcs/T-2022.06-SP1/etc/uvm/uvm_pkg.sv'.
Parsing included file '/home/cad/eda/SYNOPSYS/VCS/vcs/T-2022.06-SP1/etc/uvm/tlm1/uvm_tlm.svh'.
Parsing included file '/home/cad/eda/SYNOPSYS/VCS/vcs/T-2022.06-SP1/etc/uvm/tlm1/uvm_tlm_ifs.svh'.
Back to file '/home/cad/eda/SYNOPSYS/VCS/vcs/T-2022.06-SP1/etc/uvm/tlm1/uvm_tlm.svh'.
Parsing included file '/home/cad/eda/SYNOPSYS/VCS/vcs/T-2022.06-SP1/etc/uvm/tlm1/uvm_sqr_ifs.svh'.
Back to file '/home/cad/eda/SYNOPSYS/VCS/vcs/T-2022.06-SP1/etc/uvm/tlm1/uvm_tlm.svh'.
Parsing included file '/home/cad/eda/SYNOPSYS/VCS/vcs/T-2022.06-SP1/etc/uvm/base/uvm_port_base.svh'.
Back to file '/home/cad/eda/SYNOPSYS/VCS/vcs/T-2022.06-SP1/etc/uvm/tlm1/uvm_tlm.svh'.
Parsing included file '/home/cad/eda/SYNOPSYS/VCS/vcs/T-2022.06-SP1/etc/uvm/tlm1/uvm_tlm_imps.svh'.
Back to file '/home/cad/eda/SYNOPSYS/VCS/vcs/T-2022.06-SP1/etc/uvm/tlm1/uvm_tlm.svh'.
Parsing included file '/home/cad/eda/SYNOPSYS/VCS/vcs/T-2022.06-SP1/etc/uvm/tlm1/uvm_imps.svh'.
Back to file '/home/cad/eda/SYNOPSYS/VCS/vcs/T-2022.06-SP1/etc/uvm/tlm1/uvm_tlm.svh'.
Parsing included file '/home/cad/eda/SYNOPSYS/VCS/vcs/T-2022.06-SP1/etc/uvm/tlm1/uvm_ports.svh'.
Back to file '/home/cad/eda/SYNOPSYS/VCS/vcs/T-2022.06-SP1/etc/uvm/tlm1/uvm_tlm.svh'.
Parsing included file '/home/cad/eda/SYNOPSYS/VCS/vcs/T-2022.06-SP1/etc/uvm/tlm1/uvm_exports.svh'.
Back to file '/home/cad/eda/SYNOPSYS/VCS/vcs/T-2022.06-SP1/etc/uvm/tlm1/uvm_tlm.svh'.
Parsing included file '/home/cad/eda/SYNOPSYS/VCS/vcs/T-2022.06-SP1/etc/uvm/tlm1/uvm_analysis_port.svh'.
Back to file '/home/cad/eda/SYNOPSYS/VCS/vcs/T-2022.06-SP1/etc/uvm/tlm1/uvm_tlm.svh'.
Parsing included file '/home/cad/eda/SYNOPSYS/VCS/vcs/T-2022.06-SP1/etc/uvm/tlm1/uvm_tlm_fifo_base.svh'.
Back to file '/home/cad/eda/SYNOPSYS/VCS/vcs/T-2022.06-SP1/etc/uvm/tlm1/uvm_tlm.svh'.
Parsing included file '/home/cad/eda/SYNOPSYS/VCS/vcs/T-2022.06-SP1/etc/uvm/tlm1/uvm_tlm_fifos.svh'.
Back to file '/home/cad/eda/SYNOPSYS/VCS/vcs/T-2022.06-SP1/etc/uvm/tlm1/uvm_tlm.svh'.
Parsing included file '/home/cad/eda/SYNOPSYS/VCS/vcs/T-2022.06-SP1/etc/uvm/tlm1/uvm_tlm_req_rsp.svh'.
Back to file '/home/cad/eda/SYNOPSYS/VCS/vcs/T-2022.06-SP1/etc/uvm/tlm1/uvm_tlm.svh'.
Parsing included file '/home/cad/eda/SYNOPSYS/VCS/vcs/T-2022.06-SP1/etc/uvm/tlm1/uvm_sqr_connections.svh'.
Back to file '/home/cad/eda/SYNOPSYS/VCS/vcs/T-2022.06-SP1/etc/uvm/tlm1/uvm_tlm.svh'.
Back to file '/home/cad/eda/SYNOPSYS/VCS/vcs/T-2022.06-SP1/etc/uvm/uvm_pkg.sv'.
Parsing included file '/home/cad/eda/SYNOPSYS/VCS/vcs/T-2022.06-SP1/etc/uvm/comps/uvm_comps.svh'.
Parsing included file '/home/cad/eda/SYNOPSYS/VCS/vcs/T-2022.06-SP1/etc/uvm/comps/uvm_pair.svh'.
Back to file '/home/cad/eda/SYNOPSYS/VCS/vcs/T-2022.06-SP1/etc/uvm/comps/uvm_comps.svh'.
Parsing included file '/home/cad/eda/SYNOPSYS/VCS/vcs/T-2022.06-SP1/etc/uvm/comps/uvm_policies.svh'.
Back to file '/home/cad/eda/SYNOPSYS/VCS/vcs/T-2022.06-SP1/etc/uvm/comps/uvm_comps.svh'.
Parsing included file '/home/cad/eda/SYNOPSYS/VCS/vcs/T-2022.06-SP1/etc/uvm/comps/uvm_in_order_comparator.svh'.
Back to file '/home/cad/eda/SYNOPSYS/VCS/vcs/T-2022.06-SP1/etc/uvm/comps/uvm_comps.svh'.
Parsing included file '/home/cad/eda/SYNOPSYS/VCS/vcs/T-2022.06-SP1/etc/uvm/comps/uvm_algorithmic_comparator.svh'.
Back to file '/home/cad/eda/SYNOPSYS/VCS/vcs/T-2022.06-SP1/etc/uvm/comps/uvm_comps.svh'.
Parsing included file '/home/cad/eda/SYNOPSYS/VCS/vcs/T-2022.06-SP1/etc/uvm/comps/uvm_random_stimulus.svh'.
Back to file '/home/cad/eda/SYNOPSYS/VCS/vcs/T-2022.06-SP1/etc/uvm/comps/uvm_comps.svh'.
Parsing included file '/home/cad/eda/SYNOPSYS/VCS/vcs/T-2022.06-SP1/etc/uvm/comps/uvm_subscriber.svh'.
Back to file '/home/cad/eda/SYNOPSYS/VCS/vcs/T-2022.06-SP1/etc/uvm/comps/uvm_comps.svh'.
Parsing included file '/home/cad/eda/SYNOPSYS/VCS/vcs/T-2022.06-SP1/etc/uvm/comps/uvm_monitor.svh'.
Back to file '/home/cad/eda/SYNOPSYS/VCS/vcs/T-2022.06-SP1/etc/uvm/comps/uvm_comps.svh'.
Parsing included file '/home/cad/eda/SYNOPSYS/VCS/vcs/T-2022.06-SP1/etc/uvm/comps/uvm_driver.svh'.
Back to file '/home/cad/eda/SYNOPSYS/VCS/vcs/T-2022.06-SP1/etc/uvm/comps/uvm_comps.svh'.
Parsing included file '/home/cad/eda/SYNOPSYS/VCS/vcs/T-2022.06-SP1/etc/uvm/comps/uvm_push_driver.svh'.
Back to file '/home/cad/eda/SYNOPSYS/VCS/vcs/T-2022.06-SP1/etc/uvm/comps/uvm_comps.svh'.
Parsing included file '/home/cad/eda/SYNOPSYS/VCS/vcs/T-2022.06-SP1/etc/uvm/comps/uvm_scoreboard.svh'.
Back to file '/home/cad/eda/SYNOPSYS/VCS/vcs/T-2022.06-SP1/etc/uvm/comps/uvm_comps.svh'.
Parsing included file '/home/cad/eda/SYNOPSYS/VCS/vcs/T-2022.06-SP1/etc/uvm/comps/uvm_agent.svh'.
Back to file '/home/cad/eda/SYNOPSYS/VCS/vcs/T-2022.06-SP1/etc/uvm/comps/uvm_comps.svh'.
Parsing included file '/home/cad/eda/SYNOPSYS/VCS/vcs/T-2022.06-SP1/etc/uvm/comps/uvm_env.svh'.
Back to file '/home/cad/eda/SYNOPSYS/VCS/vcs/T-2022.06-SP1/etc/uvm/comps/uvm_comps.svh'.
Parsing included file '/home/cad/eda/SYNOPSYS/VCS/vcs/T-2022.06-SP1/etc/uvm/comps/uvm_test.svh'.
Back to file '/home/cad/eda/SYNOPSYS/VCS/vcs/T-2022.06-SP1/etc/uvm/comps/uvm_comps.svh'.
Back to file '/home/cad/eda/SYNOPSYS/VCS/vcs/T-2022.06-SP1/etc/uvm/uvm_pkg.sv'.
Parsing included file '/home/cad/eda/SYNOPSYS/VCS/vcs/T-2022.06-SP1/etc/uvm/seq/uvm_seq.svh'.
Parsing included file '/home/cad/eda/SYNOPSYS/VCS/vcs/T-2022.06-SP1/etc/uvm/seq/uvm_sequence_item.svh'.
Back to file '/home/cad/eda/SYNOPSYS/VCS/vcs/T-2022.06-SP1/etc/uvm/seq/uvm_seq.svh'.
Parsing included file '/home/cad/eda/SYNOPSYS/VCS/vcs/T-2022.06-SP1/etc/uvm/seq/uvm_sequencer_base.svh'.
Back to file '/home/cad/eda/SYNOPSYS/VCS/vcs/T-2022.06-SP1/etc/uvm/seq/uvm_seq.svh'.
Parsing included file '/home/cad/eda/SYNOPSYS/VCS/vcs/T-2022.06-SP1/etc/uvm/seq/uvm_sequencer_analysis_fifo.svh'.
Back to file '/home/cad/eda/SYNOPSYS/VCS/vcs/T-2022.06-SP1/etc/uvm/seq/uvm_seq.svh'.
Parsing included file '/home/cad/eda/SYNOPSYS/VCS/vcs/T-2022.06-SP1/etc/uvm/seq/uvm_sequencer_param_base.svh'.
Back to file '/home/cad/eda/SYNOPSYS/VCS/vcs/T-2022.06-SP1/etc/uvm/seq/uvm_seq.svh'.
Parsing included file '/home/cad/eda/SYNOPSYS/VCS/vcs/T-2022.06-SP1/etc/uvm/seq/uvm_sequencer.svh'.
Back to file '/home/cad/eda/SYNOPSYS/VCS/vcs/T-2022.06-SP1/etc/uvm/seq/uvm_seq.svh'.
Parsing included file '/home/cad/eda/SYNOPSYS/VCS/vcs/T-2022.06-SP1/etc/uvm/seq/uvm_push_sequencer.svh'.
Back to file '/home/cad/eda/SYNOPSYS/VCS/vcs/T-2022.06-SP1/etc/uvm/seq/uvm_seq.svh'.
Parsing included file '/home/cad/eda/SYNOPSYS/VCS/vcs/T-2022.06-SP1/etc/uvm/seq/uvm_sequence_base.svh'.
Back to file '/home/cad/eda/SYNOPSYS/VCS/vcs/T-2022.06-SP1/etc/uvm/seq/uvm_seq.svh'.
Parsing included file '/home/cad/eda/SYNOPSYS/VCS/vcs/T-2022.06-SP1/etc/uvm/seq/uvm_sequence.svh'.
Back to file '/home/cad/eda/SYNOPSYS/VCS/vcs/T-2022.06-SP1/etc/uvm/seq/uvm_seq.svh'.
Parsing included file '/home/cad/eda/SYNOPSYS/VCS/vcs/T-2022.06-SP1/etc/uvm/seq/uvm_sequence_library.svh'.
Back to file '/home/cad/eda/SYNOPSYS/VCS/vcs/T-2022.06-SP1/etc/uvm/seq/uvm_seq.svh'.
Parsing included file '/home/cad/eda/SYNOPSYS/VCS/vcs/T-2022.06-SP1/etc/uvm/seq/uvm_sequence_builtin.svh'.
Back to file '/home/cad/eda/SYNOPSYS/VCS/vcs/T-2022.06-SP1/etc/uvm/seq/uvm_seq.svh'.
Back to file '/home/cad/eda/SYNOPSYS/VCS/vcs/T-2022.06-SP1/etc/uvm/uvm_pkg.sv'.
Parsing included file '/home/cad/eda/SYNOPSYS/VCS/vcs/T-2022.06-SP1/etc/uvm/tlm2/uvm_tlm2.svh'.
Parsing included file '/home/cad/eda/SYNOPSYS/VCS/vcs/T-2022.06-SP1/etc/uvm/tlm2/uvm_tlm2_defines.svh'.
Back to file '/home/cad/eda/SYNOPSYS/VCS/vcs/T-2022.06-SP1/etc/uvm/tlm2/uvm_tlm2.svh'.
Parsing included file '/home/cad/eda/SYNOPSYS/VCS/vcs/T-2022.06-SP1/etc/uvm/tlm2/uvm_tlm2_time.svh'.
Back to file '/home/cad/eda/SYNOPSYS/VCS/vcs/T-2022.06-SP1/etc/uvm/tlm2/uvm_tlm2.svh'.
Parsing included file '/home/cad/eda/SYNOPSYS/VCS/vcs/T-2022.06-SP1/etc/uvm/tlm2/uvm_tlm2_generic_payload.svh'.
Back to file '/home/cad/eda/SYNOPSYS/VCS/vcs/T-2022.06-SP1/etc/uvm/tlm2/uvm_tlm2.svh'.
Parsing included file '/home/cad/eda/SYNOPSYS/VCS/vcs/T-2022.06-SP1/etc/uvm/tlm2/uvm_tlm2_ifs.svh'.
Back to file '/home/cad/eda/SYNOPSYS/VCS/vcs/T-2022.06-SP1/etc/uvm/tlm2/uvm_tlm2.svh'.
Parsing included file '/home/cad/eda/SYNOPSYS/VCS/vcs/T-2022.06-SP1/etc/uvm/tlm2/uvm_tlm2_imps.svh'.
Back to file '/home/cad/eda/SYNOPSYS/VCS/vcs/T-2022.06-SP1/etc/uvm/tlm2/uvm_tlm2.svh'.
Parsing included file '/home/cad/eda/SYNOPSYS/VCS/vcs/T-2022.06-SP1/etc/uvm/tlm2/uvm_tlm2_ports.svh'.
Back to file '/home/cad/eda/SYNOPSYS/VCS/vcs/T-2022.06-SP1/etc/uvm/tlm2/uvm_tlm2.svh'.
Parsing included file '/home/cad/eda/SYNOPSYS/VCS/vcs/T-2022.06-SP1/etc/uvm/tlm2/uvm_tlm2_exports.svh'.
Back to file '/home/cad/eda/SYNOPSYS/VCS/vcs/T-2022.06-SP1/etc/uvm/tlm2/uvm_tlm2.svh'.
Parsing included file '/home/cad/eda/SYNOPSYS/VCS/vcs/T-2022.06-SP1/etc/uvm/tlm2/uvm_tlm2_sockets_base.svh'.
Back to file '/home/cad/eda/SYNOPSYS/VCS/vcs/T-2022.06-SP1/etc/uvm/tlm2/uvm_tlm2.svh'.
Parsing included file '/home/cad/eda/SYNOPSYS/VCS/vcs/T-2022.06-SP1/etc/uvm/tlm2/uvm_tlm2_sockets.svh'.
Back to file '/home/cad/eda/SYNOPSYS/VCS/vcs/T-2022.06-SP1/etc/uvm/tlm2/uvm_tlm2.svh'.
Back to file '/home/cad/eda/SYNOPSYS/VCS/vcs/T-2022.06-SP1/etc/uvm/uvm_pkg.sv'.
Parsing included file '/home/cad/eda/SYNOPSYS/VCS/vcs/T-2022.06-SP1/etc/uvm/reg/uvm_reg_model.svh'.
Parsing included file '/home/cad/eda/SYNOPSYS/VCS/vcs/T-2022.06-SP1/etc/uvm/reg/uvm_reg_item.svh'.
Back to file '/home/cad/eda/SYNOPSYS/VCS/vcs/T-2022.06-SP1/etc/uvm/reg/uvm_reg_model.svh'.
Parsing included file '/home/cad/eda/SYNOPSYS/VCS/vcs/T-2022.06-SP1/etc/uvm/reg/uvm_reg_adapter.svh'.
Back to file '/home/cad/eda/SYNOPSYS/VCS/vcs/T-2022.06-SP1/etc/uvm/reg/uvm_reg_model.svh'.
Parsing included file '/home/cad/eda/SYNOPSYS/VCS/vcs/T-2022.06-SP1/etc/uvm/reg/uvm_reg_predictor.svh'.
Back to file '/home/cad/eda/SYNOPSYS/VCS/vcs/T-2022.06-SP1/etc/uvm/reg/uvm_reg_model.svh'.
Parsing included file '/home/cad/eda/SYNOPSYS/VCS/vcs/T-2022.06-SP1/etc/uvm/reg/uvm_reg_sequence.svh'.
Back to file '/home/cad/eda/SYNOPSYS/VCS/vcs/T-2022.06-SP1/etc/uvm/reg/uvm_reg_model.svh'.
Parsing included file '/home/cad/eda/SYNOPSYS/VCS/vcs/T-2022.06-SP1/etc/uvm/reg/uvm_reg_cbs.svh'.
Back to file '/home/cad/eda/SYNOPSYS/VCS/vcs/T-2022.06-SP1/etc/uvm/reg/uvm_reg_model.svh'.
Parsing included file '/home/cad/eda/SYNOPSYS/VCS/vcs/T-2022.06-SP1/etc/uvm/reg/uvm_reg_backdoor.svh'.
Back to file '/home/cad/eda/SYNOPSYS/VCS/vcs/T-2022.06-SP1/etc/uvm/reg/uvm_reg_model.svh'.
Parsing included file '/home/cad/eda/SYNOPSYS/VCS/vcs/T-2022.06-SP1/etc/uvm/reg/uvm_reg_field.svh'.
Back to file '/home/cad/eda/SYNOPSYS/VCS/vcs/T-2022.06-SP1/etc/uvm/reg/uvm_reg_model.svh'.
Parsing included file '/home/cad/eda/SYNOPSYS/VCS/vcs/T-2022.06-SP1/etc/uvm/reg/uvm_vreg_field.svh'.
Back to file '/home/cad/eda/SYNOPSYS/VCS/vcs/T-2022.06-SP1/etc/uvm/reg/uvm_reg_model.svh'.
Parsing included file '/home/cad/eda/SYNOPSYS/VCS/vcs/T-2022.06-SP1/etc/uvm/reg/uvm_reg.svh'.
Back to file '/home/cad/eda/SYNOPSYS/VCS/vcs/T-2022.06-SP1/etc/uvm/reg/uvm_reg_model.svh'.
Parsing included file '/home/cad/eda/SYNOPSYS/VCS/vcs/T-2022.06-SP1/etc/uvm/reg/uvm_reg_indirect.svh'.
Back to file '/home/cad/eda/SYNOPSYS/VCS/vcs/T-2022.06-SP1/etc/uvm/reg/uvm_reg_model.svh'.
Parsing included file '/home/cad/eda/SYNOPSYS/VCS/vcs/T-2022.06-SP1/etc/uvm/reg/uvm_reg_fifo.svh'.
Back to file '/home/cad/eda/SYNOPSYS/VCS/vcs/T-2022.06-SP1/etc/uvm/reg/uvm_reg_model.svh'.
Parsing included file '/home/cad/eda/SYNOPSYS/VCS/vcs/T-2022.06-SP1/etc/uvm/reg/uvm_reg_file.svh'.
Back to file '/home/cad/eda/SYNOPSYS/VCS/vcs/T-2022.06-SP1/etc/uvm/reg/uvm_reg_model.svh'.
Parsing included file '/home/cad/eda/SYNOPSYS/VCS/vcs/T-2022.06-SP1/etc/uvm/reg/uvm_mem_mam.svh'.
Back to file '/home/cad/eda/SYNOPSYS/VCS/vcs/T-2022.06-SP1/etc/uvm/reg/uvm_reg_model.svh'.
Parsing included file '/home/cad/eda/SYNOPSYS/VCS/vcs/T-2022.06-SP1/etc/uvm/reg/uvm_vreg.svh'.
Back to file '/home/cad/eda/SYNOPSYS/VCS/vcs/T-2022.06-SP1/etc/uvm/reg/uvm_reg_model.svh'.
Parsing included file '/home/cad/eda/SYNOPSYS/VCS/vcs/T-2022.06-SP1/etc/uvm/reg/uvm_mem.svh'.
Back to file '/home/cad/eda/SYNOPSYS/VCS/vcs/T-2022.06-SP1/etc/uvm/reg/uvm_reg_model.svh'.
Parsing included file '/home/cad/eda/SYNOPSYS/VCS/vcs/T-2022.06-SP1/etc/uvm/reg/uvm_reg_map.svh'.
Back to file '/home/cad/eda/SYNOPSYS/VCS/vcs/T-2022.06-SP1/etc/uvm/reg/uvm_reg_model.svh'.
Parsing included file '/home/cad/eda/SYNOPSYS/VCS/vcs/T-2022.06-SP1/etc/uvm/reg/uvm_reg_block.svh'.
Back to file '/home/cad/eda/SYNOPSYS/VCS/vcs/T-2022.06-SP1/etc/uvm/reg/uvm_reg_model.svh'.
Parsing included file '/home/cad/eda/SYNOPSYS/VCS/vcs/T-2022.06-SP1/etc/uvm/reg/sequences/uvm_reg_hw_reset_seq.svh'.
Back to file '/home/cad/eda/SYNOPSYS/VCS/vcs/T-2022.06-SP1/etc/uvm/reg/uvm_reg_model.svh'.
Parsing included file '/home/cad/eda/SYNOPSYS/VCS/vcs/T-2022.06-SP1/etc/uvm/reg/sequences/uvm_reg_bit_bash_seq.svh'.
Back to file '/home/cad/eda/SYNOPSYS/VCS/vcs/T-2022.06-SP1/etc/uvm/reg/uvm_reg_model.svh'.
Parsing included file '/home/cad/eda/SYNOPSYS/VCS/vcs/T-2022.06-SP1/etc/uvm/reg/sequences/uvm_mem_walk_seq.svh'.
Back to file '/home/cad/eda/SYNOPSYS/VCS/vcs/T-2022.06-SP1/etc/uvm/reg/uvm_reg_model.svh'.
Parsing included file '/home/cad/eda/SYNOPSYS/VCS/vcs/T-2022.06-SP1/etc/uvm/reg/sequences/uvm_mem_access_seq.svh'.
Back to file '/home/cad/eda/SYNOPSYS/VCS/vcs/T-2022.06-SP1/etc/uvm/reg/uvm_reg_model.svh'.
Parsing included file '/home/cad/eda/SYNOPSYS/VCS/vcs/T-2022.06-SP1/etc/uvm/reg/sequences/uvm_reg_access_seq.svh'.
Back to file '/home/cad/eda/SYNOPSYS/VCS/vcs/T-2022.06-SP1/etc/uvm/reg/uvm_reg_model.svh'.
Parsing included file '/home/cad/eda/SYNOPSYS/VCS/vcs/T-2022.06-SP1/etc/uvm/reg/sequences/uvm_reg_mem_shared_access_seq.svh'.
Back to file '/home/cad/eda/SYNOPSYS/VCS/vcs/T-2022.06-SP1/etc/uvm/reg/uvm_reg_model.svh'.
Parsing included file '/home/cad/eda/SYNOPSYS/VCS/vcs/T-2022.06-SP1/etc/uvm/reg/sequences/uvm_reg_mem_built_in_seq.svh'.
Back to file '/home/cad/eda/SYNOPSYS/VCS/vcs/T-2022.06-SP1/etc/uvm/reg/uvm_reg_model.svh'.
Parsing included file '/home/cad/eda/SYNOPSYS/VCS/vcs/T-2022.06-SP1/etc/uvm/reg/sequences/uvm_reg_mem_hdl_paths_seq.svh'.
Back to file '/home/cad/eda/SYNOPSYS/VCS/vcs/T-2022.06-SP1/etc/uvm/reg/uvm_reg_model.svh'.
Parsing included file '/home/cad/eda/SYNOPSYS/VCS/vcs/T-2022.06-SP1/etc/uvm/reg/snps_uvm_reg_bank.svh'.
Back to file '/home/cad/eda/SYNOPSYS/VCS/vcs/T-2022.06-SP1/etc/uvm/reg/uvm_reg_model.svh'.
Back to file '/home/cad/eda/SYNOPSYS/VCS/vcs/T-2022.06-SP1/etc/uvm/uvm_pkg.sv'.
Parsing included file '/home/cad/eda/SYNOPSYS/VCS/vcs/T-2022.06-SP1/etc/uvm/vcs/vcs_uvm_alt.sv'.
Back to file '/home/cad/eda/SYNOPSYS/VCS/vcs/T-2022.06-SP1/etc/uvm/uvm_pkg.sv'.
Parsing design file '/home/cad/eda/SYNOPSYS/VCS/vcs/T-2022.06-SP1/etc/uvm/vcs/uvm_custom_install_vcs_recorder.sv'
Parsing included file '/home/cad/eda/SYNOPSYS/VCS/vcs/T-2022.06-SP1/etc/uvm/vcs/msglog.svh'.
Back to file '/home/cad/eda/SYNOPSYS/VCS/vcs/T-2022.06-SP1/etc/uvm/vcs/uvm_custom_install_vcs_recorder.sv'.
Parsing included file '/home/cad/eda/SYNOPSYS/VCS/vcs/T-2022.06-SP1/etc/uvm/vcs/uvm_msglog_report_server.sv'.
Back to file '/home/cad/eda/SYNOPSYS/VCS/vcs/T-2022.06-SP1/etc/uvm/vcs/uvm_custom_install_vcs_recorder.sv'.
Parsing included file '/home/cad/eda/SYNOPSYS/VCS/vcs/T-2022.06-SP1/etc/uvm/vcs/uvm_vcs_recorder.svh'.
Back to file '/home/cad/eda/SYNOPSYS/VCS/vcs/T-2022.06-SP1/etc/uvm/vcs/uvm_custom_install_vcs_recorder.sv'.
Parsing included file '/home/cad/eda/SYNOPSYS/VCS/vcs/T-2022.06-SP1/etc/uvm/vcs/uvm_vcs_record_interface.sv'.
Back to file '/home/cad/eda/SYNOPSYS/VCS/vcs/T-2022.06-SP1/etc/uvm/vcs/uvm_custom_install_vcs_recorder.sv'.
Parsing design file '/home/cad/eda/SYNOPSYS/VCS/vcs/T-2022.06-SP1/etc/uvm/verdi/uvm_custom_install_verdi_recorder.sv'
Parsing included file '/home/cad/eda/SYNOPSYS/VCS/vcs/T-2022.06-SP1/etc/uvm/uvm_macros.svh'.
Back to file '/home/cad/eda/SYNOPSYS/VCS/vcs/T-2022.06-SP1/etc/uvm/verdi/uvm_custom_install_verdi_recorder.sv'.
Parsing included file '/home/cad/eda/SYNOPSYS/VCS/vcs/T-2022.06-SP1/etc/uvm/verdi/uvm_verdi_recorder.svh'.
Parsing included file '/home/cad/eda/SYNOPSYS/VCS/vcs/T-2022.06-SP1/etc/uvm/verdi/uvm_verdi_pli_base.svh'.
Back to file '/home/cad/eda/SYNOPSYS/VCS/vcs/T-2022.06-SP1/etc/uvm/verdi/uvm_verdi_recorder.svh'.
Back to file '/home/cad/eda/SYNOPSYS/VCS/vcs/T-2022.06-SP1/etc/uvm/verdi/uvm_custom_install_verdi_recorder.sv'.
Parsing included file '/home/cad/eda/SYNOPSYS/VCS/vcs/T-2022.06-SP1/etc/uvm/verdi/uvm_verdi_reg_map_recording.sv'.
Back to file '/home/cad/eda/SYNOPSYS/VCS/vcs/T-2022.06-SP1/etc/uvm/verdi/uvm_custom_install_verdi_recorder.sv'.
Parsing included file '/home/cad/eda/SYNOPSYS/VCS/vcs/T-2022.06-SP1/etc/uvm/verdi/uvm_verdi_message_catcher.svh'.
Parsing included file '/home/cad/eda/SYNOPSYS/VCS/vcs/T-2022.06-SP1/etc/uvm/verdi/uvm_verdi_pli_base.svh'.
Back to file '/home/cad/eda/SYNOPSYS/VCS/vcs/T-2022.06-SP1/etc/uvm/verdi/uvm_verdi_message_catcher.svh'.
Back to file '/home/cad/eda/SYNOPSYS/VCS/vcs/T-2022.06-SP1/etc/uvm/verdi/uvm_custom_install_verdi_recorder.sv'.
Parsing included file '/home/cad/eda/SYNOPSYS/VCS/vcs/T-2022.06-SP1/etc/uvm/verdi/./dpi/uvm_verdi_dpi.svh'.
Back to file '/home/cad/eda/SYNOPSYS/VCS/vcs/T-2022.06-SP1/etc/uvm/verdi/uvm_custom_install_verdi_recorder.sv'.
Parsing included file '/home/cad/eda/SYNOPSYS/VCS/vcs/T-2022.06-SP1/etc/uvm/verdi/uvm_verdi_reg_recording.sv'.
Back to file '/home/cad/eda/SYNOPSYS/VCS/vcs/T-2022.06-SP1/etc/uvm/verdi/uvm_custom_install_verdi_recorder.sv'.
Parsing included file '/home/cad/eda/SYNOPSYS/VERDI_2022/verdi/T-2022.06-SP1/share/PLI/VCS/include/verdi_trans_recorder_dpi.svh'.
Back to file '/home/cad/eda/SYNOPSYS/VCS/vcs/T-2022.06-SP1/etc/uvm/verdi/uvm_custom_install_verdi_recorder.sv'.
Parsing included file '/home/cad/eda/SYNOPSYS/VCS/vcs/T-2022.06-SP1/etc/uvm/verdi/uvm_verdi_pli.svh'.
Back to file '/home/cad/eda/SYNOPSYS/VCS/vcs/T-2022.06-SP1/etc/uvm/verdi/uvm_custom_install_verdi_recorder.sv'.
Parsing design file '/home/cad/eda/SYNOPSYS/VCS/vcs/T-2022.06-SP1/etc/uvm/verdi/uvm_custom_install_verdi_recorder.sv'
Parsing design file '../packages/ram_pkg.sv'
Parsing included file '/home/cad/eda/SYNOPSYS/VCS/vcs/T-2022.06-SP1/etc/uvm/uvm_macros.svh'.
Back to file '../packages/ram_pkg.sv'.
Parsing included file '../tb/tb_defs.sv'.
Back to file '../packages/ram_pkg.sv'.
Parsing included file '../wr_agt_top/write_xtn.sv'.
Back to file '../packages/ram_pkg.sv'.
Parsing design file '../tb/top.sv'
Top Level Modules:
       uvm_custom_install_recording
       uvm_custom_install_verdi_recording
       top
TimeScale is 1 ns / 1 ps
Starting vcs inline pass...

8 modules and 0 UDP read.
recompiling package vcs_paramclassrepository
recompiling package _vcs_DPI_package
recompiling package uvm_pkg
recompiling package _vcs_msglog
recompiling module uvm_custom_install_recording
recompiling module uvm_custom_install_verdi_recording
recompiling package ram_pkg
recompiling module top
All of 8 modules done
make[1]: Entering directory '/home1/B110/PogiRiArjun/VLSI_RN/UVM_LABS/Lab01/sim/csrc' \

rm -f _cuarc*.so _csrc*.so pre_vcsobj_*.so share_vcsobj_*.so
g++ -w  -pipe -DVCS -DUVM_DPI_DO_TYPE_CHECK -fPIC -O -I/home/cad/eda/SYNOPSYS/VCS/vcs/T-2022.06-SP1/include \
-c /home/cad/eda/SYNOPSYS/VCS/vcs/T-2022.06-SP1/etc/uvm/dpi/uvm_dpi.cc
g++ -w  -pipe -DVCS -DUVM_DPI_DO_TYPE_CHECK -fPIC -O -I/home/cad/eda/SYNOPSYS/VCS/vcs/T-2022.06-SP1/include \
-c /home/cad/eda/SYNOPSYS/VCS/vcs/T-2022.06-SP1/etc/uvm/verdi/dpi/uvm_verdi_dpi.cpp \

if [ -x ../simv ]; then chmod a-x ../simv; fi
g++  -o ../simv      -rdynamic  -Wl,-rpath='$ORIGIN'/simv.daidir -Wl,-rpath=./simv.daidir \
-Wl,-rpath=/home/cad/eda/SYNOPSYS/VCS/vcs/T-2022.06-SP1/linux64/lib -L/home/cad/eda/SYNOPSYS/VCS/vcs/T-2022.06-SP1/linux64/lib \
-Wl,-rpath-link=./  /usr/lib64/libnuma.so.1 uvm_dpi.o uvm_verdi_dpi.o   objs/amcQw_d.o \
_2805043_archive_1.so  SIM_l.o      rmapats_mop.o rmapats.o rmar.o rmar_nd.o  rmar_llvm_0_1.o \
rmar_llvm_0_0.o            -lvirsim -lerrorinf -lsnpsmalloc -lvfs    -lvcsnew -lsimprofile \
-luclinative /home/cad/eda/SYNOPSYS/VCS/vcs/T-2022.06-SP1/linux64/lib/vcs_tls.o  \
-Wl,-whole-archive  -lvcsucli    -Wl,-no-whole-archive       ./../simv.daidir/vc_hdrs.o \
_vcs_pli_stub_.o   /home/cad/eda/SYNOPSYS/VCS/vcs/T-2022.06-SP1/linux64/lib/vcs_save_restore_new.o \
/home/cad/eda/SYNOPSYS/VERDI_2022/verdi/T-2022.06-SP1/share/PLI/VCS/LINUX64/pli.a \
-ldl  -lc -lm -lpthread -ldl 
../simv up to date
make[1]: Leaving directory '/home1/B110/PogiRiArjun/VLSI_RN/UVM_LABS/Lab01/sim/csrc' \

CPU time: 9.187 seconds to compile + .275 seconds to elab + .787 seconds to link
Command: /home1/B110/PogiRiArjun/VLSI_RN/UVM_LABS/Lab01/sim/./simv -a vcs.log +ntb_random_seed_automatic
Chronologic VCS simulator copyright 1991-2022
Contains Synopsys proprietary information.
Compiler version T-2022.06-SP1_Full64; Runtime version T-2022.06-SP1_Full64;  Oct 22 15:22 2024
NOTE: automatic random seed used: 1786348214
----------------------------------------------------------------
UVM-1.1d.Synopsys
(C) 2007-2013 Mentor Graphics Corporation
(C) 2007-2013 Cadence Design Systems, Inc.
(C) 2006-2013 Synopsys, Inc.
(C) 2011-2013 Cypress Semiconductor Corp.
----------------------------------------------------------------

  ***********       IMPORTANT RELEASE NOTES         ************

  You are using a version of the UVM library that has been compiled
  with `UVM_NO_DEPRECATED undefined.
  See http://www.eda.org/svdb/view.php?id=3313 for more details.

  You are using a version of the UVM library that has been compiled
  with `UVM_OBJECT_MUST_HAVE_CONSTRUCTOR undefined.
  See http://www.eda.org/svdb/view.php?id=3770 for more details.

      (Specify +UVM_NO_RELNOTES to turn off this notice)

--------------------------------------------
Name             Type       Size  Value     
--------------------------------------------

Transaction-0
  write_xtn  -     @456      
  data           integral   64    'd27      
  address        integral   12    'd130     
  write          integral   1     1         
  xtn_delay      integral   65    -162229567
  xtn_type       addr_t     1     GOOD_XTN  
--------------------------------------------
----------------------------------------------
Name             Type       Size  Value       
----------------------------------------------

Transaction-1
  write_xtn  -     @460        
  data           integral   64    'd19        
  address        integral   12    'd179       
  write          integral   1     'd0         
  xtn_delay      integral   65    'd1301942901
  xtn_type       addr_t     1     GOOD_XTN    
----------------------------------------------
---------------------------------------------
Name             Type       Size  Value      
---------------------------------------------

Transaction-2
  write_xtn  -     @464       
  data           integral   64    'd68       
  address        integral   12    'd115      
  write          integral   1     'd0        
  xtn_delay      integral   65    -1702965925
  xtn_type       addr_t     1     GOOD_XTN   
---------------------------------------------
---------------------------------------------
Name             Type       Size  Value      
---------------------------------------------

Transaction-3
  write_xtn  -     @468       
  data           integral   64    'd64       
  address        integral   12    'd175      
  write          integral   1     1          
  xtn_delay      integral   65    -1884023015
  xtn_type       addr_t     1     GOOD_XTN   
---------------------------------------------
---------------------------------------------
Name             Type       Size  Value      
---------------------------------------------

Transaction-4
  write_xtn  -     @472       
  data           integral   64    'd51       
  address        integral   12    'd121      
  write          integral   1     'd0        
  xtn_delay      integral   65    -1627256614
  xtn_type       addr_t     1     GOOD_XTN   
---------------------------------------------
---------------------------------------------
Name             Type       Size  Value      
---------------------------------------------

Transaction-5
  write_xtn  -     @476       
  data           integral   64    'd14       
  address        integral   12    'd84       
  write          integral   1     'd0        
  xtn_delay      integral   65    -1244295346
  xtn_type       addr_t     1     GOOD_XTN   
---------------------------------------------
--------------------------------------------
Name             Type       Size  Value     
--------------------------------------------

Transaction-6
  write_xtn  -     @480      
  data           integral   64    'd74      
  address        integral   12    'd58      
  write          integral   1     1         
  xtn_delay      integral   65    -515989956
  xtn_type       addr_t     1     GOOD_XTN  
--------------------------------------------
---------------------------------------------
Name             Type       Size  Value      
---------------------------------------------

Transaction-7
  write_xtn  -     @484       
  data           integral   64    'd18       
  address        integral   12    'd53       
  write          integral   1     'd0        
  xtn_delay      integral   65    'd792170872
  xtn_type       addr_t     1     GOOD_XTN   
---------------------------------------------
----------------------------------------------
Name             Type       Size  Value       
----------------------------------------------

Transaction-8
  write_xtn  -     @488        
  data           integral   64    'd22        
  address        integral   12    'd127       
  write          integral   1     'd0         
  xtn_delay      integral   65    'd1645798741
  xtn_type       addr_t     1     GOOD_XTN    
----------------------------------------------
---------------------------------------------
Name             Type       Size  Value      
---------------------------------------------

Transaction-9
  write_xtn  -     @492       
  data           integral   64    'd30       
  address        integral   12    'd73       
  write          integral   1     1          
  xtn_delay      integral   65    -1622147628
  xtn_type       addr_t     1     GOOD_XTN   
---------------------------------------------

Copy_Xtnh_just check
: (write_xtn@496) {
  data: 'd51 
  address: 'd121 
  write: 'd0 
  xtn_delay: -1627256614 
  xtn_type: GOOD_XTN 
}

 Compared Success Full Matched 


Transaction-7
: (write_xtn@500) { data: 'd18  address: 'd53  write: 'd0  xtn_delay: 'd792170872  xtn_type: GOOD_XTN  } 
           V C S   S i m u l a t i o n   R e p o r t 
Time: 0 ps
CPU Time:      0.330 seconds;       Data structure size:   0.5Mb
Tue Oct 22 15:22:12 2024
