Command: vcs -l vcs.log -timescale=1ns/1ps -sverilog -ntb_opts uvm -debug_access+all \
-full64 -kdb -lca -P /home/cad/eda/SYNOPSYS/VERDI_2022/verdi/T-2022.06-SP1/share/PLI/VCS/LINUX64/novas.tab \
/home/cad/eda/SYNOPSYS/VERDI_2022/verdi/T-2022.06-SP1/share/PLI/VCS/LINUX64/pli.a \
../rtl/dual_mem.v ../rtl/mem_dec.v ../rtl/ram_4096.v ../rtl/ram_chip.sv ../rtl/ram_if.sv \
+incdir+../tb +incdir+../test +incdir+../wr_agt_top +incdir+../rd_agt_top ../test/ram_test_pkg.sv \
../tb/top.sv
                         Chronologic VCS (TM)
       Version T-2022.06-SP1_Full64 -- Mon Nov 11 13:40:50 2024

                    Copyright (c) 1991 - 2022 Synopsys, Inc.
   This software and the associated documentation are proprietary to Synopsys,
 Inc. This software may only be used in accordance with the terms and conditions
 of a written license agreement with Synopsys, Inc. All other use, reproduction,
   or distribution of this software is strictly prohibited.  Licensed Products
     communicate with Synopsys servers for the purpose of providing software
    updates, detecting software piracy and verifying that customers are using
    Licensed Products in conformity with the applicable License Key for such
  Licensed Products. Synopsys will use information gathered in connection with
    this process to deliver software updates and pursue software pirates and
                                   infringers.

 Inclusivity & Diversity - Visit SolvNetPlus to read the "Synopsys Statement on
            Inclusivity and Diversity" (Refer to article 000036315 at
                        https://solvnetplus.synopsys.com)


Warning-[LCA_FEATURES_ENABLED] Usage warning
  LCA features enabled by '-lca' argument on the command line.  For more 
  information regarding list of LCA features please refer to Chapter "LCA 
  features" in the VCS Release Notes

Parsing design file '/home/cad/eda/SYNOPSYS/VCS/vcs/T-2022.06-SP1/etc/uvm/uvm_pkg.sv'
Parsing included file '/home/cad/eda/SYNOPSYS/VCS/vcs/T-2022.06-SP1/etc/uvm/uvm_macros.svh'.
Parsing included file '/home/cad/eda/SYNOPSYS/VCS/vcs/T-2022.06-SP1/etc/uvm/macros/uvm_version_defines.svh'.
Back to file '/home/cad/eda/SYNOPSYS/VCS/vcs/T-2022.06-SP1/etc/uvm/uvm_macros.svh'.
Parsing included file '/home/cad/eda/SYNOPSYS/VCS/vcs/T-2022.06-SP1/etc/uvm/macros/snps_macros.svp'.
Back to file '/home/cad/eda/SYNOPSYS/VCS/vcs/T-2022.06-SP1/etc/uvm/uvm_macros.svh'.
Parsing included file '/home/cad/eda/SYNOPSYS/VCS/vcs/T-2022.06-SP1/etc/uvm/macros/uvm_message_defines.svh'.
Back to file '/home/cad/eda/SYNOPSYS/VCS/vcs/T-2022.06-SP1/etc/uvm/uvm_macros.svh'.
Parsing included file '/home/cad/eda/SYNOPSYS/VCS/vcs/T-2022.06-SP1/etc/uvm/macros/uvm_phase_defines.svh'.
Back to file '/home/cad/eda/SYNOPSYS/VCS/vcs/T-2022.06-SP1/etc/uvm/uvm_macros.svh'.
Parsing included file '/home/cad/eda/SYNOPSYS/VCS/vcs/T-2022.06-SP1/etc/uvm/macros/uvm_object_defines.svh'.
Back to file '/home/cad/eda/SYNOPSYS/VCS/vcs/T-2022.06-SP1/etc/uvm/uvm_macros.svh'.
Parsing included file '/home/cad/eda/SYNOPSYS/VCS/vcs/T-2022.06-SP1/etc/uvm/macros/uvm_printer_defines.svh'.
Back to file '/home/cad/eda/SYNOPSYS/VCS/vcs/T-2022.06-SP1/etc/uvm/uvm_macros.svh'.
Parsing included file '/home/cad/eda/SYNOPSYS/VCS/vcs/T-2022.06-SP1/etc/uvm/macros/uvm_tlm_defines.svh'.
Parsing included file '/home/cad/eda/SYNOPSYS/VCS/vcs/T-2022.06-SP1/etc/uvm/tlm1/uvm_tlm_imps.svh'.
Back to file '/home/cad/eda/SYNOPSYS/VCS/vcs/T-2022.06-SP1/etc/uvm/macros/uvm_tlm_defines.svh'.
Back to file '/home/cad/eda/SYNOPSYS/VCS/vcs/T-2022.06-SP1/etc/uvm/uvm_macros.svh'.
Parsing included file '/home/cad/eda/SYNOPSYS/VCS/vcs/T-2022.06-SP1/etc/uvm/macros/uvm_sequence_defines.svh'.
Back to file '/home/cad/eda/SYNOPSYS/VCS/vcs/T-2022.06-SP1/etc/uvm/uvm_macros.svh'.
Parsing included file '/home/cad/eda/SYNOPSYS/VCS/vcs/T-2022.06-SP1/etc/uvm/macros/uvm_callback_defines.svh'.
Back to file '/home/cad/eda/SYNOPSYS/VCS/vcs/T-2022.06-SP1/etc/uvm/uvm_macros.svh'.
Parsing included file '/home/cad/eda/SYNOPSYS/VCS/vcs/T-2022.06-SP1/etc/uvm/macros/uvm_reg_defines.svh'.
Back to file '/home/cad/eda/SYNOPSYS/VCS/vcs/T-2022.06-SP1/etc/uvm/uvm_macros.svh'.
Parsing included file '/home/cad/eda/SYNOPSYS/VCS/vcs/T-2022.06-SP1/etc/uvm/macros/uvm_deprecated_defines.svh'.
Back to file '/home/cad/eda/SYNOPSYS/VCS/vcs/T-2022.06-SP1/etc/uvm/uvm_macros.svh'.
Back to file '/home/cad/eda/SYNOPSYS/VCS/vcs/T-2022.06-SP1/etc/uvm/uvm_pkg.sv'.
Parsing included file '/home/cad/eda/SYNOPSYS/VCS/vcs/T-2022.06-SP1/etc/uvm/directc/uvm_directc.svh'.
Parsing included file '/home/cad/eda/SYNOPSYS/VCS/vcs/T-2022.06-SP1/etc/uvm/directc/uvm_seed.vh'.
Back to file '/home/cad/eda/SYNOPSYS/VCS/vcs/T-2022.06-SP1/etc/uvm/directc/uvm_directc.svh'.
Back to file '/home/cad/eda/SYNOPSYS/VCS/vcs/T-2022.06-SP1/etc/uvm/uvm_pkg.sv'.
Parsing included file '/home/cad/eda/SYNOPSYS/VCS/vcs/T-2022.06-SP1/etc/uvm/dpi/uvm_dpi.svh'.
Parsing included file '/home/cad/eda/SYNOPSYS/VCS/vcs/T-2022.06-SP1/etc/uvm/dpi/uvm_hdl.svh'.
Back to file '/home/cad/eda/SYNOPSYS/VCS/vcs/T-2022.06-SP1/etc/uvm/dpi/uvm_dpi.svh'.
Parsing included file '/home/cad/eda/SYNOPSYS/VCS/vcs/T-2022.06-SP1/etc/uvm/dpi/uvm_svcmd_dpi.svh'.
Back to file '/home/cad/eda/SYNOPSYS/VCS/vcs/T-2022.06-SP1/etc/uvm/dpi/uvm_dpi.svh'.
Parsing included file '/home/cad/eda/SYNOPSYS/VCS/vcs/T-2022.06-SP1/etc/uvm/dpi/uvm_regex.svh'.
Back to file '/home/cad/eda/SYNOPSYS/VCS/vcs/T-2022.06-SP1/etc/uvm/dpi/uvm_dpi.svh'.
Back to file '/home/cad/eda/SYNOPSYS/VCS/vcs/T-2022.06-SP1/etc/uvm/uvm_pkg.sv'.
Parsing included file '/home/cad/eda/SYNOPSYS/VCS/vcs/T-2022.06-SP1/etc/uvm/base/uvm_base.svh'.
Parsing included file '/home/cad/eda/SYNOPSYS/VCS/vcs/T-2022.06-SP1/etc/uvm/base/uvm_version.svh'.
Back to file '/home/cad/eda/SYNOPSYS/VCS/vcs/T-2022.06-SP1/etc/uvm/base/uvm_base.svh'.
Parsing included file '/home/cad/eda/SYNOPSYS/VCS/vcs/T-2022.06-SP1/etc/uvm/base/uvm_object_globals.svh'.
Back to file '/home/cad/eda/SYNOPSYS/VCS/vcs/T-2022.06-SP1/etc/uvm/base/uvm_base.svh'.
Parsing included file '/home/cad/eda/SYNOPSYS/VCS/vcs/T-2022.06-SP1/etc/uvm/base/uvm_misc.svh'.
Back to file '/home/cad/eda/SYNOPSYS/VCS/vcs/T-2022.06-SP1/etc/uvm/base/uvm_base.svh'.
Parsing included file '/home/cad/eda/SYNOPSYS/VCS/vcs/T-2022.06-SP1/etc/uvm/base/uvm_object.svh'.
Back to file '/home/cad/eda/SYNOPSYS/VCS/vcs/T-2022.06-SP1/etc/uvm/base/uvm_base.svh'.
Parsing included file '/home/cad/eda/SYNOPSYS/VCS/vcs/T-2022.06-SP1/etc/uvm/base/uvm_pool.svh'.
Back to file '/home/cad/eda/SYNOPSYS/VCS/vcs/T-2022.06-SP1/etc/uvm/base/uvm_base.svh'.
Parsing included file '/home/cad/eda/SYNOPSYS/VCS/vcs/T-2022.06-SP1/etc/uvm/base/uvm_queue.svh'.
Back to file '/home/cad/eda/SYNOPSYS/VCS/vcs/T-2022.06-SP1/etc/uvm/base/uvm_base.svh'.
Parsing included file '/home/cad/eda/SYNOPSYS/VCS/vcs/T-2022.06-SP1/etc/uvm/base/uvm_factory.svh'.
Back to file '/home/cad/eda/SYNOPSYS/VCS/vcs/T-2022.06-SP1/etc/uvm/base/uvm_base.svh'.
Parsing included file '/home/cad/eda/SYNOPSYS/VCS/vcs/T-2022.06-SP1/etc/uvm/base/uvm_registry.svh'.
Back to file '/home/cad/eda/SYNOPSYS/VCS/vcs/T-2022.06-SP1/etc/uvm/base/uvm_base.svh'.
Parsing included file '/home/cad/eda/SYNOPSYS/VCS/vcs/T-2022.06-SP1/etc/uvm/base/uvm_spell_chkr.svh'.
Back to file '/home/cad/eda/SYNOPSYS/VCS/vcs/T-2022.06-SP1/etc/uvm/base/uvm_base.svh'.
Parsing included file '/home/cad/eda/SYNOPSYS/VCS/vcs/T-2022.06-SP1/etc/uvm/base/uvm_resource.svh'.
Back to file '/home/cad/eda/SYNOPSYS/VCS/vcs/T-2022.06-SP1/etc/uvm/base/uvm_base.svh'.
Parsing included file '/home/cad/eda/SYNOPSYS/VCS/vcs/T-2022.06-SP1/etc/uvm/deprecated/uvm_resource_converter.svh'.
Back to file '/home/cad/eda/SYNOPSYS/VCS/vcs/T-2022.06-SP1/etc/uvm/base/uvm_base.svh'.
Parsing included file '/home/cad/eda/SYNOPSYS/VCS/vcs/T-2022.06-SP1/etc/uvm/base/uvm_resource_specializations.svh'.
Back to file '/home/cad/eda/SYNOPSYS/VCS/vcs/T-2022.06-SP1/etc/uvm/base/uvm_base.svh'.
Parsing included file '/home/cad/eda/SYNOPSYS/VCS/vcs/T-2022.06-SP1/etc/uvm/base/uvm_resource_db.svh'.
Back to file '/home/cad/eda/SYNOPSYS/VCS/vcs/T-2022.06-SP1/etc/uvm/base/uvm_base.svh'.
Parsing included file '/home/cad/eda/SYNOPSYS/VCS/vcs/T-2022.06-SP1/etc/uvm/base/uvm_config_db.svh'.
Back to file '/home/cad/eda/SYNOPSYS/VCS/vcs/T-2022.06-SP1/etc/uvm/base/uvm_base.svh'.
Parsing included file '/home/cad/eda/SYNOPSYS/VCS/vcs/T-2022.06-SP1/etc/uvm/base/uvm_printer.svh'.
Back to file '/home/cad/eda/SYNOPSYS/VCS/vcs/T-2022.06-SP1/etc/uvm/base/uvm_base.svh'.
Parsing included file '/home/cad/eda/SYNOPSYS/VCS/vcs/T-2022.06-SP1/etc/uvm/base/uvm_comparer.svh'.
Back to file '/home/cad/eda/SYNOPSYS/VCS/vcs/T-2022.06-SP1/etc/uvm/base/uvm_base.svh'.
Parsing included file '/home/cad/eda/SYNOPSYS/VCS/vcs/T-2022.06-SP1/etc/uvm/base/uvm_packer.svh'.
Back to file '/home/cad/eda/SYNOPSYS/VCS/vcs/T-2022.06-SP1/etc/uvm/base/uvm_base.svh'.
Parsing included file '/home/cad/eda/SYNOPSYS/VCS/vcs/T-2022.06-SP1/etc/uvm/base/uvm_recorder.svh'.
Back to file '/home/cad/eda/SYNOPSYS/VCS/vcs/T-2022.06-SP1/etc/uvm/base/uvm_base.svh'.
Parsing included file '/home/cad/eda/SYNOPSYS/VCS/vcs/T-2022.06-SP1/etc/uvm/base/uvm_event_callback.svh'.
Back to file '/home/cad/eda/SYNOPSYS/VCS/vcs/T-2022.06-SP1/etc/uvm/base/uvm_base.svh'.
Parsing included file '/home/cad/eda/SYNOPSYS/VCS/vcs/T-2022.06-SP1/etc/uvm/base/uvm_event.svh'.
Back to file '/home/cad/eda/SYNOPSYS/VCS/vcs/T-2022.06-SP1/etc/uvm/base/uvm_base.svh'.
Parsing included file '/home/cad/eda/SYNOPSYS/VCS/vcs/T-2022.06-SP1/etc/uvm/base/uvm_barrier.svh'.
Back to file '/home/cad/eda/SYNOPSYS/VCS/vcs/T-2022.06-SP1/etc/uvm/base/uvm_base.svh'.
Parsing included file '/home/cad/eda/SYNOPSYS/VCS/vcs/T-2022.06-SP1/etc/uvm/base/uvm_callback.svh'.
Parsing included file '/home/cad/eda/SYNOPSYS/VCS/vcs/T-2022.06-SP1/etc/uvm/uvm_macros.svh'.
Back to file '/home/cad/eda/SYNOPSYS/VCS/vcs/T-2022.06-SP1/etc/uvm/base/uvm_callback.svh'.
Back to file '/home/cad/eda/SYNOPSYS/VCS/vcs/T-2022.06-SP1/etc/uvm/base/uvm_base.svh'.
Parsing included file '/home/cad/eda/SYNOPSYS/VCS/vcs/T-2022.06-SP1/etc/uvm/base/uvm_report_catcher.svh'.
Back to file '/home/cad/eda/SYNOPSYS/VCS/vcs/T-2022.06-SP1/etc/uvm/base/uvm_base.svh'.
Parsing included file '/home/cad/eda/SYNOPSYS/VCS/vcs/T-2022.06-SP1/etc/uvm/base/uvm_report_server.svh'.
Back to file '/home/cad/eda/SYNOPSYS/VCS/vcs/T-2022.06-SP1/etc/uvm/base/uvm_base.svh'.
Parsing included file '/home/cad/eda/SYNOPSYS/VCS/vcs/T-2022.06-SP1/etc/uvm/base/uvm_report_handler.svh'.
Back to file '/home/cad/eda/SYNOPSYS/VCS/vcs/T-2022.06-SP1/etc/uvm/base/uvm_base.svh'.
Parsing included file '/home/cad/eda/SYNOPSYS/VCS/vcs/T-2022.06-SP1/etc/uvm/base/uvm_report_object.svh'.
Back to file '/home/cad/eda/SYNOPSYS/VCS/vcs/T-2022.06-SP1/etc/uvm/base/uvm_base.svh'.
Parsing included file '/home/cad/eda/SYNOPSYS/VCS/vcs/T-2022.06-SP1/etc/uvm/base/uvm_transaction.svh'.
Back to file '/home/cad/eda/SYNOPSYS/VCS/vcs/T-2022.06-SP1/etc/uvm/base/uvm_base.svh'.
Parsing included file '/home/cad/eda/SYNOPSYS/VCS/vcs/T-2022.06-SP1/etc/uvm/base/uvm_phase.svh'.
Back to file '/home/cad/eda/SYNOPSYS/VCS/vcs/T-2022.06-SP1/etc/uvm/base/uvm_base.svh'.
Parsing included file '/home/cad/eda/SYNOPSYS/VCS/vcs/T-2022.06-SP1/etc/uvm/base/uvm_domain.svh'.
Back to file '/home/cad/eda/SYNOPSYS/VCS/vcs/T-2022.06-SP1/etc/uvm/base/uvm_base.svh'.
Parsing included file '/home/cad/eda/SYNOPSYS/VCS/vcs/T-2022.06-SP1/etc/uvm/base/uvm_bottomup_phase.svh'.
Back to file '/home/cad/eda/SYNOPSYS/VCS/vcs/T-2022.06-SP1/etc/uvm/base/uvm_base.svh'.
Parsing included file '/home/cad/eda/SYNOPSYS/VCS/vcs/T-2022.06-SP1/etc/uvm/base/uvm_topdown_phase.svh'.
Back to file '/home/cad/eda/SYNOPSYS/VCS/vcs/T-2022.06-SP1/etc/uvm/base/uvm_base.svh'.
Parsing included file '/home/cad/eda/SYNOPSYS/VCS/vcs/T-2022.06-SP1/etc/uvm/base/uvm_task_phase.svh'.
Back to file '/home/cad/eda/SYNOPSYS/VCS/vcs/T-2022.06-SP1/etc/uvm/base/uvm_base.svh'.
Parsing included file '/home/cad/eda/SYNOPSYS/VCS/vcs/T-2022.06-SP1/etc/uvm/base/uvm_common_phases.svh'.
Back to file '/home/cad/eda/SYNOPSYS/VCS/vcs/T-2022.06-SP1/etc/uvm/base/uvm_base.svh'.
Parsing included file '/home/cad/eda/SYNOPSYS/VCS/vcs/T-2022.06-SP1/etc/uvm/base/uvm_runtime_phases.svh'.
Back to file '/home/cad/eda/SYNOPSYS/VCS/vcs/T-2022.06-SP1/etc/uvm/base/uvm_base.svh'.
Parsing included file '/home/cad/eda/SYNOPSYS/VCS/vcs/T-2022.06-SP1/etc/uvm/base/uvm_component.svh'.
Parsing included file '/home/cad/eda/SYNOPSYS/VCS/vcs/T-2022.06-SP1/etc/uvm/base/uvm_root.svh'.
Back to file '/home/cad/eda/SYNOPSYS/VCS/vcs/T-2022.06-SP1/etc/uvm/base/uvm_component.svh'.
Back to file '/home/cad/eda/SYNOPSYS/VCS/vcs/T-2022.06-SP1/etc/uvm/base/uvm_base.svh'.
Parsing included file '/home/cad/eda/SYNOPSYS/VCS/vcs/T-2022.06-SP1/etc/uvm/base/uvm_objection.svh'.
Back to file '/home/cad/eda/SYNOPSYS/VCS/vcs/T-2022.06-SP1/etc/uvm/base/uvm_base.svh'.
Parsing included file '/home/cad/eda/SYNOPSYS/VCS/vcs/T-2022.06-SP1/etc/uvm/base/uvm_heartbeat.svh'.
Back to file '/home/cad/eda/SYNOPSYS/VCS/vcs/T-2022.06-SP1/etc/uvm/base/uvm_base.svh'.
Parsing included file '/home/cad/eda/SYNOPSYS/VCS/vcs/T-2022.06-SP1/etc/uvm/base/uvm_globals.svh'.
Back to file '/home/cad/eda/SYNOPSYS/VCS/vcs/T-2022.06-SP1/etc/uvm/base/uvm_base.svh'.
Parsing included file '/home/cad/eda/SYNOPSYS/VCS/vcs/T-2022.06-SP1/etc/uvm/base/uvm_cmdline_processor.svh'.
Back to file '/home/cad/eda/SYNOPSYS/VCS/vcs/T-2022.06-SP1/etc/uvm/base/uvm_base.svh'.
Back to file '/home/cad/eda/SYNOPSYS/VCS/vcs/T-2022.06-SP1/etc/uvm/uvm_pkg.sv'.
Parsing included file '/home/cad/eda/SYNOPSYS/VCS/vcs/T-2022.06-SP1/etc/uvm/tlm1/uvm_tlm.svh'.
Parsing included file '/home/cad/eda/SYNOPSYS/VCS/vcs/T-2022.06-SP1/etc/uvm/tlm1/uvm_tlm_ifs.svh'.
Back to file '/home/cad/eda/SYNOPSYS/VCS/vcs/T-2022.06-SP1/etc/uvm/tlm1/uvm_tlm.svh'.
Parsing included file '/home/cad/eda/SYNOPSYS/VCS/vcs/T-2022.06-SP1/etc/uvm/tlm1/uvm_sqr_ifs.svh'.
Back to file '/home/cad/eda/SYNOPSYS/VCS/vcs/T-2022.06-SP1/etc/uvm/tlm1/uvm_tlm.svh'.
Parsing included file '/home/cad/eda/SYNOPSYS/VCS/vcs/T-2022.06-SP1/etc/uvm/base/uvm_port_base.svh'.
Back to file '/home/cad/eda/SYNOPSYS/VCS/vcs/T-2022.06-SP1/etc/uvm/tlm1/uvm_tlm.svh'.
Parsing included file '/home/cad/eda/SYNOPSYS/VCS/vcs/T-2022.06-SP1/etc/uvm/tlm1/uvm_tlm_imps.svh'.
Back to file '/home/cad/eda/SYNOPSYS/VCS/vcs/T-2022.06-SP1/etc/uvm/tlm1/uvm_tlm.svh'.
Parsing included file '/home/cad/eda/SYNOPSYS/VCS/vcs/T-2022.06-SP1/etc/uvm/tlm1/uvm_imps.svh'.
Back to file '/home/cad/eda/SYNOPSYS/VCS/vcs/T-2022.06-SP1/etc/uvm/tlm1/uvm_tlm.svh'.
Parsing included file '/home/cad/eda/SYNOPSYS/VCS/vcs/T-2022.06-SP1/etc/uvm/tlm1/uvm_ports.svh'.
Back to file '/home/cad/eda/SYNOPSYS/VCS/vcs/T-2022.06-SP1/etc/uvm/tlm1/uvm_tlm.svh'.
Parsing included file '/home/cad/eda/SYNOPSYS/VCS/vcs/T-2022.06-SP1/etc/uvm/tlm1/uvm_exports.svh'.
Back to file '/home/cad/eda/SYNOPSYS/VCS/vcs/T-2022.06-SP1/etc/uvm/tlm1/uvm_tlm.svh'.
Parsing included file '/home/cad/eda/SYNOPSYS/VCS/vcs/T-2022.06-SP1/etc/uvm/tlm1/uvm_analysis_port.svh'.
Back to file '/home/cad/eda/SYNOPSYS/VCS/vcs/T-2022.06-SP1/etc/uvm/tlm1/uvm_tlm.svh'.
Parsing included file '/home/cad/eda/SYNOPSYS/VCS/vcs/T-2022.06-SP1/etc/uvm/tlm1/uvm_tlm_fifo_base.svh'.
Back to file '/home/cad/eda/SYNOPSYS/VCS/vcs/T-2022.06-SP1/etc/uvm/tlm1/uvm_tlm.svh'.
Parsing included file '/home/cad/eda/SYNOPSYS/VCS/vcs/T-2022.06-SP1/etc/uvm/tlm1/uvm_tlm_fifos.svh'.
Back to file '/home/cad/eda/SYNOPSYS/VCS/vcs/T-2022.06-SP1/etc/uvm/tlm1/uvm_tlm.svh'.
Parsing included file '/home/cad/eda/SYNOPSYS/VCS/vcs/T-2022.06-SP1/etc/uvm/tlm1/uvm_tlm_req_rsp.svh'.
Back to file '/home/cad/eda/SYNOPSYS/VCS/vcs/T-2022.06-SP1/etc/uvm/tlm1/uvm_tlm.svh'.
Parsing included file '/home/cad/eda/SYNOPSYS/VCS/vcs/T-2022.06-SP1/etc/uvm/tlm1/uvm_sqr_connections.svh'.
Back to file '/home/cad/eda/SYNOPSYS/VCS/vcs/T-2022.06-SP1/etc/uvm/tlm1/uvm_tlm.svh'.
Back to file '/home/cad/eda/SYNOPSYS/VCS/vcs/T-2022.06-SP1/etc/uvm/uvm_pkg.sv'.
Parsing included file '/home/cad/eda/SYNOPSYS/VCS/vcs/T-2022.06-SP1/etc/uvm/comps/uvm_comps.svh'.
Parsing included file '/home/cad/eda/SYNOPSYS/VCS/vcs/T-2022.06-SP1/etc/uvm/comps/uvm_pair.svh'.
Back to file '/home/cad/eda/SYNOPSYS/VCS/vcs/T-2022.06-SP1/etc/uvm/comps/uvm_comps.svh'.
Parsing included file '/home/cad/eda/SYNOPSYS/VCS/vcs/T-2022.06-SP1/etc/uvm/comps/uvm_policies.svh'.
Back to file '/home/cad/eda/SYNOPSYS/VCS/vcs/T-2022.06-SP1/etc/uvm/comps/uvm_comps.svh'.
Parsing included file '/home/cad/eda/SYNOPSYS/VCS/vcs/T-2022.06-SP1/etc/uvm/comps/uvm_in_order_comparator.svh'.
Back to file '/home/cad/eda/SYNOPSYS/VCS/vcs/T-2022.06-SP1/etc/uvm/comps/uvm_comps.svh'.
Parsing included file '/home/cad/eda/SYNOPSYS/VCS/vcs/T-2022.06-SP1/etc/uvm/comps/uvm_algorithmic_comparator.svh'.
Back to file '/home/cad/eda/SYNOPSYS/VCS/vcs/T-2022.06-SP1/etc/uvm/comps/uvm_comps.svh'.
Parsing included file '/home/cad/eda/SYNOPSYS/VCS/vcs/T-2022.06-SP1/etc/uvm/comps/uvm_random_stimulus.svh'.
Back to file '/home/cad/eda/SYNOPSYS/VCS/vcs/T-2022.06-SP1/etc/uvm/comps/uvm_comps.svh'.
Parsing included file '/home/cad/eda/SYNOPSYS/VCS/vcs/T-2022.06-SP1/etc/uvm/comps/uvm_subscriber.svh'.
Back to file '/home/cad/eda/SYNOPSYS/VCS/vcs/T-2022.06-SP1/etc/uvm/comps/uvm_comps.svh'.
Parsing included file '/home/cad/eda/SYNOPSYS/VCS/vcs/T-2022.06-SP1/etc/uvm/comps/uvm_monitor.svh'.
Back to file '/home/cad/eda/SYNOPSYS/VCS/vcs/T-2022.06-SP1/etc/uvm/comps/uvm_comps.svh'.
Parsing included file '/home/cad/eda/SYNOPSYS/VCS/vcs/T-2022.06-SP1/etc/uvm/comps/uvm_driver.svh'.
Back to file '/home/cad/eda/SYNOPSYS/VCS/vcs/T-2022.06-SP1/etc/uvm/comps/uvm_comps.svh'.
Parsing included file '/home/cad/eda/SYNOPSYS/VCS/vcs/T-2022.06-SP1/etc/uvm/comps/uvm_push_driver.svh'.
Back to file '/home/cad/eda/SYNOPSYS/VCS/vcs/T-2022.06-SP1/etc/uvm/comps/uvm_comps.svh'.
Parsing included file '/home/cad/eda/SYNOPSYS/VCS/vcs/T-2022.06-SP1/etc/uvm/comps/uvm_scoreboard.svh'.
Back to file '/home/cad/eda/SYNOPSYS/VCS/vcs/T-2022.06-SP1/etc/uvm/comps/uvm_comps.svh'.
Parsing included file '/home/cad/eda/SYNOPSYS/VCS/vcs/T-2022.06-SP1/etc/uvm/comps/uvm_agent.svh'.
Back to file '/home/cad/eda/SYNOPSYS/VCS/vcs/T-2022.06-SP1/etc/uvm/comps/uvm_comps.svh'.
Parsing included file '/home/cad/eda/SYNOPSYS/VCS/vcs/T-2022.06-SP1/etc/uvm/comps/uvm_env.svh'.
Back to file '/home/cad/eda/SYNOPSYS/VCS/vcs/T-2022.06-SP1/etc/uvm/comps/uvm_comps.svh'.
Parsing included file '/home/cad/eda/SYNOPSYS/VCS/vcs/T-2022.06-SP1/etc/uvm/comps/uvm_test.svh'.
Back to file '/home/cad/eda/SYNOPSYS/VCS/vcs/T-2022.06-SP1/etc/uvm/comps/uvm_comps.svh'.
Back to file '/home/cad/eda/SYNOPSYS/VCS/vcs/T-2022.06-SP1/etc/uvm/uvm_pkg.sv'.
Parsing included file '/home/cad/eda/SYNOPSYS/VCS/vcs/T-2022.06-SP1/etc/uvm/seq/uvm_seq.svh'.
Parsing included file '/home/cad/eda/SYNOPSYS/VCS/vcs/T-2022.06-SP1/etc/uvm/seq/uvm_sequence_item.svh'.
Back to file '/home/cad/eda/SYNOPSYS/VCS/vcs/T-2022.06-SP1/etc/uvm/seq/uvm_seq.svh'.
Parsing included file '/home/cad/eda/SYNOPSYS/VCS/vcs/T-2022.06-SP1/etc/uvm/seq/uvm_sequencer_base.svh'.
Back to file '/home/cad/eda/SYNOPSYS/VCS/vcs/T-2022.06-SP1/etc/uvm/seq/uvm_seq.svh'.
Parsing included file '/home/cad/eda/SYNOPSYS/VCS/vcs/T-2022.06-SP1/etc/uvm/seq/uvm_sequencer_analysis_fifo.svh'.
Back to file '/home/cad/eda/SYNOPSYS/VCS/vcs/T-2022.06-SP1/etc/uvm/seq/uvm_seq.svh'.
Parsing included file '/home/cad/eda/SYNOPSYS/VCS/vcs/T-2022.06-SP1/etc/uvm/seq/uvm_sequencer_param_base.svh'.
Back to file '/home/cad/eda/SYNOPSYS/VCS/vcs/T-2022.06-SP1/etc/uvm/seq/uvm_seq.svh'.
Parsing included file '/home/cad/eda/SYNOPSYS/VCS/vcs/T-2022.06-SP1/etc/uvm/seq/uvm_sequencer.svh'.
Back to file '/home/cad/eda/SYNOPSYS/VCS/vcs/T-2022.06-SP1/etc/uvm/seq/uvm_seq.svh'.
Parsing included file '/home/cad/eda/SYNOPSYS/VCS/vcs/T-2022.06-SP1/etc/uvm/seq/uvm_push_sequencer.svh'.
Back to file '/home/cad/eda/SYNOPSYS/VCS/vcs/T-2022.06-SP1/etc/uvm/seq/uvm_seq.svh'.
Parsing included file '/home/cad/eda/SYNOPSYS/VCS/vcs/T-2022.06-SP1/etc/uvm/seq/uvm_sequence_base.svh'.
Back to file '/home/cad/eda/SYNOPSYS/VCS/vcs/T-2022.06-SP1/etc/uvm/seq/uvm_seq.svh'.
Parsing included file '/home/cad/eda/SYNOPSYS/VCS/vcs/T-2022.06-SP1/etc/uvm/seq/uvm_sequence.svh'.
Back to file '/home/cad/eda/SYNOPSYS/VCS/vcs/T-2022.06-SP1/etc/uvm/seq/uvm_seq.svh'.
Parsing included file '/home/cad/eda/SYNOPSYS/VCS/vcs/T-2022.06-SP1/etc/uvm/seq/uvm_sequence_library.svh'.
Back to file '/home/cad/eda/SYNOPSYS/VCS/vcs/T-2022.06-SP1/etc/uvm/seq/uvm_seq.svh'.
Parsing included file '/home/cad/eda/SYNOPSYS/VCS/vcs/T-2022.06-SP1/etc/uvm/seq/uvm_sequence_builtin.svh'.
Back to file '/home/cad/eda/SYNOPSYS/VCS/vcs/T-2022.06-SP1/etc/uvm/seq/uvm_seq.svh'.
Back to file '/home/cad/eda/SYNOPSYS/VCS/vcs/T-2022.06-SP1/etc/uvm/uvm_pkg.sv'.
Parsing included file '/home/cad/eda/SYNOPSYS/VCS/vcs/T-2022.06-SP1/etc/uvm/tlm2/uvm_tlm2.svh'.
Parsing included file '/home/cad/eda/SYNOPSYS/VCS/vcs/T-2022.06-SP1/etc/uvm/tlm2/uvm_tlm2_defines.svh'.
Back to file '/home/cad/eda/SYNOPSYS/VCS/vcs/T-2022.06-SP1/etc/uvm/tlm2/uvm_tlm2.svh'.
Parsing included file '/home/cad/eda/SYNOPSYS/VCS/vcs/T-2022.06-SP1/etc/uvm/tlm2/uvm_tlm2_time.svh'.
Back to file '/home/cad/eda/SYNOPSYS/VCS/vcs/T-2022.06-SP1/etc/uvm/tlm2/uvm_tlm2.svh'.
Parsing included file '/home/cad/eda/SYNOPSYS/VCS/vcs/T-2022.06-SP1/etc/uvm/tlm2/uvm_tlm2_generic_payload.svh'.
Back to file '/home/cad/eda/SYNOPSYS/VCS/vcs/T-2022.06-SP1/etc/uvm/tlm2/uvm_tlm2.svh'.
Parsing included file '/home/cad/eda/SYNOPSYS/VCS/vcs/T-2022.06-SP1/etc/uvm/tlm2/uvm_tlm2_ifs.svh'.
Back to file '/home/cad/eda/SYNOPSYS/VCS/vcs/T-2022.06-SP1/etc/uvm/tlm2/uvm_tlm2.svh'.
Parsing included file '/home/cad/eda/SYNOPSYS/VCS/vcs/T-2022.06-SP1/etc/uvm/tlm2/uvm_tlm2_imps.svh'.
Back to file '/home/cad/eda/SYNOPSYS/VCS/vcs/T-2022.06-SP1/etc/uvm/tlm2/uvm_tlm2.svh'.
Parsing included file '/home/cad/eda/SYNOPSYS/VCS/vcs/T-2022.06-SP1/etc/uvm/tlm2/uvm_tlm2_ports.svh'.
Back to file '/home/cad/eda/SYNOPSYS/VCS/vcs/T-2022.06-SP1/etc/uvm/tlm2/uvm_tlm2.svh'.
Parsing included file '/home/cad/eda/SYNOPSYS/VCS/vcs/T-2022.06-SP1/etc/uvm/tlm2/uvm_tlm2_exports.svh'.
Back to file '/home/cad/eda/SYNOPSYS/VCS/vcs/T-2022.06-SP1/etc/uvm/tlm2/uvm_tlm2.svh'.
Parsing included file '/home/cad/eda/SYNOPSYS/VCS/vcs/T-2022.06-SP1/etc/uvm/tlm2/uvm_tlm2_sockets_base.svh'.
Back to file '/home/cad/eda/SYNOPSYS/VCS/vcs/T-2022.06-SP1/etc/uvm/tlm2/uvm_tlm2.svh'.
Parsing included file '/home/cad/eda/SYNOPSYS/VCS/vcs/T-2022.06-SP1/etc/uvm/tlm2/uvm_tlm2_sockets.svh'.
Back to file '/home/cad/eda/SYNOPSYS/VCS/vcs/T-2022.06-SP1/etc/uvm/tlm2/uvm_tlm2.svh'.
Back to file '/home/cad/eda/SYNOPSYS/VCS/vcs/T-2022.06-SP1/etc/uvm/uvm_pkg.sv'.
Parsing included file '/home/cad/eda/SYNOPSYS/VCS/vcs/T-2022.06-SP1/etc/uvm/reg/uvm_reg_model.svh'.
Parsing included file '/home/cad/eda/SYNOPSYS/VCS/vcs/T-2022.06-SP1/etc/uvm/reg/uvm_reg_item.svh'.
Back to file '/home/cad/eda/SYNOPSYS/VCS/vcs/T-2022.06-SP1/etc/uvm/reg/uvm_reg_model.svh'.
Parsing included file '/home/cad/eda/SYNOPSYS/VCS/vcs/T-2022.06-SP1/etc/uvm/reg/uvm_reg_adapter.svh'.
Back to file '/home/cad/eda/SYNOPSYS/VCS/vcs/T-2022.06-SP1/etc/uvm/reg/uvm_reg_model.svh'.
Parsing included file '/home/cad/eda/SYNOPSYS/VCS/vcs/T-2022.06-SP1/etc/uvm/reg/uvm_reg_predictor.svh'.
Back to file '/home/cad/eda/SYNOPSYS/VCS/vcs/T-2022.06-SP1/etc/uvm/reg/uvm_reg_model.svh'.
Parsing included file '/home/cad/eda/SYNOPSYS/VCS/vcs/T-2022.06-SP1/etc/uvm/reg/uvm_reg_sequence.svh'.
Back to file '/home/cad/eda/SYNOPSYS/VCS/vcs/T-2022.06-SP1/etc/uvm/reg/uvm_reg_model.svh'.
Parsing included file '/home/cad/eda/SYNOPSYS/VCS/vcs/T-2022.06-SP1/etc/uvm/reg/uvm_reg_cbs.svh'.
Back to file '/home/cad/eda/SYNOPSYS/VCS/vcs/T-2022.06-SP1/etc/uvm/reg/uvm_reg_model.svh'.
Parsing included file '/home/cad/eda/SYNOPSYS/VCS/vcs/T-2022.06-SP1/etc/uvm/reg/uvm_reg_backdoor.svh'.
Back to file '/home/cad/eda/SYNOPSYS/VCS/vcs/T-2022.06-SP1/etc/uvm/reg/uvm_reg_model.svh'.
Parsing included file '/home/cad/eda/SYNOPSYS/VCS/vcs/T-2022.06-SP1/etc/uvm/reg/uvm_reg_field.svh'.
Back to file '/home/cad/eda/SYNOPSYS/VCS/vcs/T-2022.06-SP1/etc/uvm/reg/uvm_reg_model.svh'.
Parsing included file '/home/cad/eda/SYNOPSYS/VCS/vcs/T-2022.06-SP1/etc/uvm/reg/uvm_vreg_field.svh'.
Back to file '/home/cad/eda/SYNOPSYS/VCS/vcs/T-2022.06-SP1/etc/uvm/reg/uvm_reg_model.svh'.
Parsing included file '/home/cad/eda/SYNOPSYS/VCS/vcs/T-2022.06-SP1/etc/uvm/reg/uvm_reg.svh'.
Back to file '/home/cad/eda/SYNOPSYS/VCS/vcs/T-2022.06-SP1/etc/uvm/reg/uvm_reg_model.svh'.
Parsing included file '/home/cad/eda/SYNOPSYS/VCS/vcs/T-2022.06-SP1/etc/uvm/reg/uvm_reg_indirect.svh'.
Back to file '/home/cad/eda/SYNOPSYS/VCS/vcs/T-2022.06-SP1/etc/uvm/reg/uvm_reg_model.svh'.
Parsing included file '/home/cad/eda/SYNOPSYS/VCS/vcs/T-2022.06-SP1/etc/uvm/reg/uvm_reg_fifo.svh'.
Back to file '/home/cad/eda/SYNOPSYS/VCS/vcs/T-2022.06-SP1/etc/uvm/reg/uvm_reg_model.svh'.
Parsing included file '/home/cad/eda/SYNOPSYS/VCS/vcs/T-2022.06-SP1/etc/uvm/reg/uvm_reg_file.svh'.
Back to file '/home/cad/eda/SYNOPSYS/VCS/vcs/T-2022.06-SP1/etc/uvm/reg/uvm_reg_model.svh'.
Parsing included file '/home/cad/eda/SYNOPSYS/VCS/vcs/T-2022.06-SP1/etc/uvm/reg/uvm_mem_mam.svh'.
Back to file '/home/cad/eda/SYNOPSYS/VCS/vcs/T-2022.06-SP1/etc/uvm/reg/uvm_reg_model.svh'.
Parsing included file '/home/cad/eda/SYNOPSYS/VCS/vcs/T-2022.06-SP1/etc/uvm/reg/uvm_vreg.svh'.
Back to file '/home/cad/eda/SYNOPSYS/VCS/vcs/T-2022.06-SP1/etc/uvm/reg/uvm_reg_model.svh'.
Parsing included file '/home/cad/eda/SYNOPSYS/VCS/vcs/T-2022.06-SP1/etc/uvm/reg/uvm_mem.svh'.
Back to file '/home/cad/eda/SYNOPSYS/VCS/vcs/T-2022.06-SP1/etc/uvm/reg/uvm_reg_model.svh'.
Parsing included file '/home/cad/eda/SYNOPSYS/VCS/vcs/T-2022.06-SP1/etc/uvm/reg/uvm_reg_map.svh'.
Back to file '/home/cad/eda/SYNOPSYS/VCS/vcs/T-2022.06-SP1/etc/uvm/reg/uvm_reg_model.svh'.
Parsing included file '/home/cad/eda/SYNOPSYS/VCS/vcs/T-2022.06-SP1/etc/uvm/reg/uvm_reg_block.svh'.
Back to file '/home/cad/eda/SYNOPSYS/VCS/vcs/T-2022.06-SP1/etc/uvm/reg/uvm_reg_model.svh'.
Parsing included file '/home/cad/eda/SYNOPSYS/VCS/vcs/T-2022.06-SP1/etc/uvm/reg/sequences/uvm_reg_hw_reset_seq.svh'.
Back to file '/home/cad/eda/SYNOPSYS/VCS/vcs/T-2022.06-SP1/etc/uvm/reg/uvm_reg_model.svh'.
Parsing included file '/home/cad/eda/SYNOPSYS/VCS/vcs/T-2022.06-SP1/etc/uvm/reg/sequences/uvm_reg_bit_bash_seq.svh'.
Back to file '/home/cad/eda/SYNOPSYS/VCS/vcs/T-2022.06-SP1/etc/uvm/reg/uvm_reg_model.svh'.
Parsing included file '/home/cad/eda/SYNOPSYS/VCS/vcs/T-2022.06-SP1/etc/uvm/reg/sequences/uvm_mem_walk_seq.svh'.
Back to file '/home/cad/eda/SYNOPSYS/VCS/vcs/T-2022.06-SP1/etc/uvm/reg/uvm_reg_model.svh'.
Parsing included file '/home/cad/eda/SYNOPSYS/VCS/vcs/T-2022.06-SP1/etc/uvm/reg/sequences/uvm_mem_access_seq.svh'.
Back to file '/home/cad/eda/SYNOPSYS/VCS/vcs/T-2022.06-SP1/etc/uvm/reg/uvm_reg_model.svh'.
Parsing included file '/home/cad/eda/SYNOPSYS/VCS/vcs/T-2022.06-SP1/etc/uvm/reg/sequences/uvm_reg_access_seq.svh'.
Back to file '/home/cad/eda/SYNOPSYS/VCS/vcs/T-2022.06-SP1/etc/uvm/reg/uvm_reg_model.svh'.
Parsing included file '/home/cad/eda/SYNOPSYS/VCS/vcs/T-2022.06-SP1/etc/uvm/reg/sequences/uvm_reg_mem_shared_access_seq.svh'.
Back to file '/home/cad/eda/SYNOPSYS/VCS/vcs/T-2022.06-SP1/etc/uvm/reg/uvm_reg_model.svh'.
Parsing included file '/home/cad/eda/SYNOPSYS/VCS/vcs/T-2022.06-SP1/etc/uvm/reg/sequences/uvm_reg_mem_built_in_seq.svh'.
Back to file '/home/cad/eda/SYNOPSYS/VCS/vcs/T-2022.06-SP1/etc/uvm/reg/uvm_reg_model.svh'.
Parsing included file '/home/cad/eda/SYNOPSYS/VCS/vcs/T-2022.06-SP1/etc/uvm/reg/sequences/uvm_reg_mem_hdl_paths_seq.svh'.
Back to file '/home/cad/eda/SYNOPSYS/VCS/vcs/T-2022.06-SP1/etc/uvm/reg/uvm_reg_model.svh'.
Parsing included file '/home/cad/eda/SYNOPSYS/VCS/vcs/T-2022.06-SP1/etc/uvm/reg/snps_uvm_reg_bank.svh'.
Back to file '/home/cad/eda/SYNOPSYS/VCS/vcs/T-2022.06-SP1/etc/uvm/reg/uvm_reg_model.svh'.
Back to file '/home/cad/eda/SYNOPSYS/VCS/vcs/T-2022.06-SP1/etc/uvm/uvm_pkg.sv'.
Parsing included file '/home/cad/eda/SYNOPSYS/VCS/vcs/T-2022.06-SP1/etc/uvm/vcs/vcs_uvm_alt.sv'.
Back to file '/home/cad/eda/SYNOPSYS/VCS/vcs/T-2022.06-SP1/etc/uvm/uvm_pkg.sv'.
Parsing design file '/home/cad/eda/SYNOPSYS/VCS/vcs/T-2022.06-SP1/etc/uvm/vcs/uvm_custom_install_vcs_recorder.sv'
Parsing included file '/home/cad/eda/SYNOPSYS/VCS/vcs/T-2022.06-SP1/etc/uvm/vcs/msglog.svh'.
Back to file '/home/cad/eda/SYNOPSYS/VCS/vcs/T-2022.06-SP1/etc/uvm/vcs/uvm_custom_install_vcs_recorder.sv'.
Parsing included file '/home/cad/eda/SYNOPSYS/VCS/vcs/T-2022.06-SP1/etc/uvm/vcs/uvm_msglog_report_server.sv'.
Back to file '/home/cad/eda/SYNOPSYS/VCS/vcs/T-2022.06-SP1/etc/uvm/vcs/uvm_custom_install_vcs_recorder.sv'.
Parsing included file '/home/cad/eda/SYNOPSYS/VCS/vcs/T-2022.06-SP1/etc/uvm/vcs/uvm_vcs_recorder.svh'.
Back to file '/home/cad/eda/SYNOPSYS/VCS/vcs/T-2022.06-SP1/etc/uvm/vcs/uvm_custom_install_vcs_recorder.sv'.
Parsing included file '/home/cad/eda/SYNOPSYS/VCS/vcs/T-2022.06-SP1/etc/uvm/vcs/uvm_vcs_record_interface.sv'.
Back to file '/home/cad/eda/SYNOPSYS/VCS/vcs/T-2022.06-SP1/etc/uvm/vcs/uvm_custom_install_vcs_recorder.sv'.
Parsing design file '/home/cad/eda/SYNOPSYS/VCS/vcs/T-2022.06-SP1/etc/uvm/verdi/uvm_custom_install_verdi_recorder.sv'
Parsing included file '/home/cad/eda/SYNOPSYS/VCS/vcs/T-2022.06-SP1/etc/uvm/uvm_macros.svh'.
Back to file '/home/cad/eda/SYNOPSYS/VCS/vcs/T-2022.06-SP1/etc/uvm/verdi/uvm_custom_install_verdi_recorder.sv'.
Parsing included file '/home/cad/eda/SYNOPSYS/VCS/vcs/T-2022.06-SP1/etc/uvm/verdi/uvm_verdi_recorder.svh'.
Parsing included file '/home/cad/eda/SYNOPSYS/VCS/vcs/T-2022.06-SP1/etc/uvm/verdi/uvm_verdi_pli_base.svh'.
Back to file '/home/cad/eda/SYNOPSYS/VCS/vcs/T-2022.06-SP1/etc/uvm/verdi/uvm_verdi_recorder.svh'.
Back to file '/home/cad/eda/SYNOPSYS/VCS/vcs/T-2022.06-SP1/etc/uvm/verdi/uvm_custom_install_verdi_recorder.sv'.
Parsing included file '/home/cad/eda/SYNOPSYS/VCS/vcs/T-2022.06-SP1/etc/uvm/verdi/uvm_verdi_reg_map_recording.sv'.
Back to file '/home/cad/eda/SYNOPSYS/VCS/vcs/T-2022.06-SP1/etc/uvm/verdi/uvm_custom_install_verdi_recorder.sv'.
Parsing included file '/home/cad/eda/SYNOPSYS/VCS/vcs/T-2022.06-SP1/etc/uvm/verdi/uvm_verdi_message_catcher.svh'.
Parsing included file '/home/cad/eda/SYNOPSYS/VCS/vcs/T-2022.06-SP1/etc/uvm/verdi/uvm_verdi_pli_base.svh'.
Back to file '/home/cad/eda/SYNOPSYS/VCS/vcs/T-2022.06-SP1/etc/uvm/verdi/uvm_verdi_message_catcher.svh'.
Back to file '/home/cad/eda/SYNOPSYS/VCS/vcs/T-2022.06-SP1/etc/uvm/verdi/uvm_custom_install_verdi_recorder.sv'.
Parsing included file '/home/cad/eda/SYNOPSYS/VCS/vcs/T-2022.06-SP1/etc/uvm/verdi/./dpi/uvm_verdi_dpi.svh'.
Back to file '/home/cad/eda/SYNOPSYS/VCS/vcs/T-2022.06-SP1/etc/uvm/verdi/uvm_custom_install_verdi_recorder.sv'.
Parsing included file '/home/cad/eda/SYNOPSYS/VCS/vcs/T-2022.06-SP1/etc/uvm/verdi/uvm_verdi_reg_recording.sv'.
Back to file '/home/cad/eda/SYNOPSYS/VCS/vcs/T-2022.06-SP1/etc/uvm/verdi/uvm_custom_install_verdi_recorder.sv'.
Parsing included file '/home/cad/eda/SYNOPSYS/VERDI_2022/verdi/T-2022.06-SP1/share/PLI/VCS/include/verdi_trans_recorder_dpi.svh'.
Back to file '/home/cad/eda/SYNOPSYS/VCS/vcs/T-2022.06-SP1/etc/uvm/verdi/uvm_custom_install_verdi_recorder.sv'.
Parsing included file '/home/cad/eda/SYNOPSYS/VCS/vcs/T-2022.06-SP1/etc/uvm/verdi/uvm_verdi_pli.svh'.
Back to file '/home/cad/eda/SYNOPSYS/VCS/vcs/T-2022.06-SP1/etc/uvm/verdi/uvm_custom_install_verdi_recorder.sv'.
Parsing design file '/home/cad/eda/SYNOPSYS/VCS/vcs/T-2022.06-SP1/etc/uvm/verdi/uvm_custom_install_verdi_recorder.sv'
Parsing design file '../rtl/dual_mem.v'
Parsing design file '../rtl/mem_dec.v'
Parsing design file '../rtl/ram_4096.v'
Parsing design file '../rtl/ram_chip.sv'
Parsing design file '../rtl/ram_if.sv'
Parsing design file '../test/ram_test_pkg.sv'
Parsing included file '/home/cad/eda/SYNOPSYS/VCS/vcs/T-2022.06-SP1/etc/uvm/uvm_macros.svh'.
Back to file '../test/ram_test_pkg.sv'.
Parsing included file '../tb/tb_defs.sv'.
Back to file '../test/ram_test_pkg.sv'.
Parsing included file '../wr_agt_top/write_xtn.sv'.
Back to file '../test/ram_test_pkg.sv'.
Parsing included file '../wr_agt_top/ram_wr_agent_config.sv'.
Back to file '../test/ram_test_pkg.sv'.
Parsing included file '../rd_agt_top/ram_rd_agent_config.sv'.
Back to file '../test/ram_test_pkg.sv'.
Parsing included file '../tb/ram_env_config.sv'.
Back to file '../test/ram_test_pkg.sv'.
Parsing included file '../wr_agt_top/ram_wr_driver.sv'.
Back to file '../test/ram_test_pkg.sv'.
Parsing included file '../wr_agt_top/ram_wr_monitor.sv'.
Back to file '../test/ram_test_pkg.sv'.
Parsing included file '../wr_agt_top/ram_wr_sequencer.sv'.
Back to file '../test/ram_test_pkg.sv'.
Parsing included file '../wr_agt_top/ram_wr_agent.sv'.
Back to file '../test/ram_test_pkg.sv'.
Parsing included file '../wr_agt_top/ram_wr_agt_top.sv'.
Back to file '../test/ram_test_pkg.sv'.
Parsing included file '../wr_agt_top/ram_wr_seqs.sv'.
Back to file '../test/ram_test_pkg.sv'.
Parsing included file '../rd_agt_top/read_xtn.sv'.
Back to file '../test/ram_test_pkg.sv'.
Parsing included file '../rd_agt_top/ram_rd_monitor.sv'.
Back to file '../test/ram_test_pkg.sv'.
Parsing included file '../rd_agt_top/ram_rd_sequencer.sv'.
Back to file '../test/ram_test_pkg.sv'.
Parsing included file '../rd_agt_top/ram_rd_seqs.sv'.
Back to file '../test/ram_test_pkg.sv'.
Parsing included file '../rd_agt_top/ram_rd_driver.sv'.
Back to file '../test/ram_test_pkg.sv'.
Parsing included file '../rd_agt_top/ram_rd_agent.sv'.
Back to file '../test/ram_test_pkg.sv'.
Parsing included file '../rd_agt_top/ram_rd_agt_top.sv'.
Back to file '../test/ram_test_pkg.sv'.
Parsing included file '../tb/ram_virtual_sequencer.sv'.
Back to file '../test/ram_test_pkg.sv'.
Parsing included file '../tb/ram_virtual_seqs.sv'.
Back to file '../test/ram_test_pkg.sv'.
Parsing included file '../tb/ram_tb.sv'.
Back to file '../test/ram_test_pkg.sv'.
Parsing included file '../test/ram_vtest_lib.sv'.
Back to file '../test/ram_test_pkg.sv'.
Parsing design file '../tb/top.sv'
Parsing included file '/home/cad/eda/SYNOPSYS/VCS/vcs/T-2022.06-SP1/etc/uvm/uvm_macros.svh'.
Back to file '../tb/top.sv'.
Top Level Modules:
       uvm_custom_install_recording
       uvm_custom_install_verdi_recording
       top
TimeScale is 1 ns / 1 ps
Notice: Ports coerced to inout, use -notice for details
Starting vcs inline pass...

9 modules and 0 UDP read.
recompiling package vcs_paramclassrepository
recompiling package _vcs_DPI_package
recompiling package uvm_pkg
recompiling package _vcs_msglog
recompiling module uvm_custom_install_recording
recompiling module uvm_custom_install_verdi_recording
recompiling module ram_if
recompiling package ram_test_pkg
recompiling module top
All of 9 modules done
make[1]: Entering directory '/home1/B110/PogiRiArjun/VLSI_RN/UVM_LABS/Lab07/sim/csrc' \

rm -f _cuarc*.so _csrc*.so pre_vcsobj_*.so share_vcsobj_*.so
g++ -w  -pipe -DVCS -DUVM_DPI_DO_TYPE_CHECK -fPIC -O -I/home/cad/eda/SYNOPSYS/VCS/vcs/T-2022.06-SP1/include \
-c /home/cad/eda/SYNOPSYS/VCS/vcs/T-2022.06-SP1/etc/uvm/dpi/uvm_dpi.cc
g++ -w  -pipe -DVCS -DUVM_DPI_DO_TYPE_CHECK -fPIC -O -I/home/cad/eda/SYNOPSYS/VCS/vcs/T-2022.06-SP1/include \
-c /home/cad/eda/SYNOPSYS/VCS/vcs/T-2022.06-SP1/etc/uvm/verdi/dpi/uvm_verdi_dpi.cpp \

if [ -x ../simv ]; then chmod a-x ../simv; fi
g++  -o ../simv      -rdynamic  -Wl,-rpath='$ORIGIN'/simv.daidir -Wl,-rpath=./simv.daidir \
-Wl,-rpath=/home/cad/eda/SYNOPSYS/VCS/vcs/T-2022.06-SP1/linux64/lib -L/home/cad/eda/SYNOPSYS/VCS/vcs/T-2022.06-SP1/linux64/lib \
-Wl,-rpath-link=./  /usr/lib64/libnuma.so.1 uvm_dpi.o uvm_verdi_dpi.o   objs/amcQw_d.o \
_2108826_archive_1.so  SIM_l.o      rmapats_mop.o rmapats.o rmar.o rmar_nd.o  rmar_llvm_0_1.o \
rmar_llvm_0_0.o            -lvirsim -lerrorinf -lsnpsmalloc -lvfs /home/cad/eda/SYNOPSYS/VERDI_2022/verdi/T-2022.06-SP1/share/PLI/VCS/LINUX64/pli.a \
-lvcsnew -lsimprofile -luclinative /home/cad/eda/SYNOPSYS/VCS/vcs/T-2022.06-SP1/linux64/lib/vcs_tls.o \
-Wl,-whole-archive  -lvcsucli    -Wl,-no-whole-archive       ./../simv.daidir/vc_hdrs.o \
_vcs_pli_stub_.o   /home/cad/eda/SYNOPSYS/VCS/vcs/T-2022.06-SP1/linux64/lib/vcs_save_restore_new.o \
/home/cad/eda/SYNOPSYS/VERDI_2022/verdi/T-2022.06-SP1/share/PLI/VCS/LINUX64/pli.a \
-ldl -lm  -lc -lpthread -ldl 
../simv up to date
make[1]: Leaving directory '/home1/B110/PogiRiArjun/VLSI_RN/UVM_LABS/Lab07/sim/csrc' \

CPU time: 10.640 seconds to compile + .267 seconds to elab + .741 seconds to link
Verdi KDB elaboration done and the database successfully generated: 0 error(s), 0 warning(s)
Command: /home1/B110/PogiRiArjun/VLSI_RN/UVM_LABS/Lab07/sim/./simv -a vcs.log +fsdbfile+wave1.fsdb +ntb_random_seed_automatic +UVM_TESTNAME=ram_ten_addr_test
Chronologic VCS simulator copyright 1991-2022
Contains Synopsys proprietary information.
Compiler version T-2022.06-SP1_Full64; Runtime version T-2022.06-SP1_Full64;  Nov 11 13:41 2024
NOTE: automatic random seed used: 4213980379
----------------------------------------------------------------
UVM-1.1d.Synopsys
(C) 2007-2013 Mentor Graphics Corporation
(C) 2007-2013 Cadence Design Systems, Inc.
(C) 2006-2013 Synopsys, Inc.
(C) 2011-2013 Cypress Semiconductor Corp.
----------------------------------------------------------------

  ***********       IMPORTANT RELEASE NOTES         ************

  You are using a version of the UVM library that has been compiled
  with `UVM_NO_DEPRECATED undefined.
  See http://www.eda.org/svdb/view.php?id=3313 for more details.

  You are using a version of the UVM library that has been compiled
  with `UVM_OBJECT_MUST_HAVE_CONSTRUCTOR undefined.
  See http://www.eda.org/svdb/view.php?id=3770 for more details.

      (Specify +UVM_NO_RELNOTES to turn off this notice)

*Verdi* Loading libsscore_vcs202206.so
FSDB Dumper for VCS, Release Verdi_T-2022.06-SP1, Linux x86_64/64bit, 08/28/2022
(C) 1996 - 2022 by Synopsys, Inc.
*Verdi* : Create FSDB file 'wave1.fsdb'
*Verdi* : Begin traversing the scope (top), layer (0).
*Verdi* : End of traversing.
UVM_INFO @ 0: reporter [RNTST] Running test ram_ten_addr_test...
UVM_INFO @ 0: reporter [UVMTOP] UVM testbench topology:
----------------------------------------------------------------
Name                         Type                    Size  Value
----------------------------------------------------------------
uvm_test_top                 ram_ten_addr_test       -     @464 
  ram_envh                   ram_tb                  -     @489 
    ragt_top                 ram_rd_agt_top          -     @510 
      agnth                  ram_rd_agent            -     @641 
        drvh                 ram_rd_driver           -     @662 
          rsp_port           uvm_analysis_port       -     @679 
          seq_item_port      uvm_seq_item_pull_port  -     @670 
        monh                 ram_rd_monitor          -     @654 
        seqrh                ram_rd_sequencer        -     @688 
          rsp_export         uvm_analysis_export     -     @696 
          seq_item_export    uvm_seq_item_pull_imp   -     @802 
          arbitration_queue  array                   0     -    
          lock_queue         array                   0     -    
          num_last_reqs      integral                32    'd1  
          num_last_rsps      integral                32    'd1  
    v_sequencer              ram_virtual_sequencer   -     @518 
      rsp_export             uvm_analysis_export     -     @526 
      seq_item_export        uvm_seq_item_pull_imp   -     @632 
      arbitration_queue      array                   0     -    
      lock_queue             array                   0     -    
      num_last_reqs          integral                32    'd1  
      num_last_rsps          integral                32    'd1  
    wagt_top                 ram_wr_agt_top          -     @500 
      agnth                  ram_wr_agent            -     @823 
        drvh                 ram_wr_driver           -     @844 
          rsp_port           uvm_analysis_port       -     @861 
          seq_item_port      uvm_seq_item_pull_port  -     @852 
        monh                 ram_wr_monitor          -     @836 
        seqrh                ram_wr_sequencer        -     @870 
          rsp_export         uvm_analysis_export     -     @878 
          seq_item_export    uvm_seq_item_pull_imp   -     @984 
          arbitration_queue  array                   0     -    
          lock_queue         array                   0     -    
          num_last_reqs      integral                32    'd1  
          num_last_rsps      integral                32    'd1  
----------------------------------------------------------------

UVM_INFO @ 0: reporter [UVMTOP] UVM testbench topology:
----------------------------------------------------------------
Name                         Type                    Size  Value
----------------------------------------------------------------
uvm_test_top                 ram_ten_addr_test       -     @464 
  ram_envh                   ram_tb                  -     @489 
    ragt_top                 ram_rd_agt_top          -     @510 
      agnth                  ram_rd_agent            -     @641 
        drvh                 ram_rd_driver           -     @662 
          rsp_port           uvm_analysis_port       -     @679 
          seq_item_port      uvm_seq_item_pull_port  -     @670 
        monh                 ram_rd_monitor          -     @654 
        seqrh                ram_rd_sequencer        -     @688 
          rsp_export         uvm_analysis_export     -     @696 
          seq_item_export    uvm_seq_item_pull_imp   -     @802 
          arbitration_queue  array                   0     -    
          lock_queue         array                   0     -    
          num_last_reqs      integral                32    'd1  
          num_last_rsps      integral                32    'd1  
    v_sequencer              ram_virtual_sequencer   -     @518 
      rsp_export             uvm_analysis_export     -     @526 
      seq_item_export        uvm_seq_item_pull_imp   -     @632 
      arbitration_queue      array                   0     -    
      lock_queue             array                   0     -    
      num_last_reqs          integral                32    'd1  
      num_last_rsps          integral                32    'd1  
    wagt_top                 ram_wr_agt_top          -     @500 
      agnth                  ram_wr_agent            -     @823 
        drvh                 ram_wr_driver           -     @844 
          rsp_port           uvm_analysis_port       -     @861 
          seq_item_port      uvm_seq_item_pull_port  -     @852 
        monh                 ram_wr_monitor          -     @836 
        seqrh                ram_wr_sequencer        -     @870 
          rsp_export         uvm_analysis_export     -     @878 
          seq_item_export    uvm_seq_item_pull_imp   -     @984 
          arbitration_queue  array                   0     -    
          lock_queue         array                   0     -    
          num_last_reqs      integral                32    'd1  
          num_last_rsps      integral                32    'd1  
----------------------------------------------------------------

UVM_INFO ../wr_agt_top/ram_wr_driver.sv(117) @ 0: uvm_test_top.ram_envh.wagt_top.agnth.drvh [RAM_WR_DRIVER] printing from driver 
 ----------------------------------------------------------------------------------------------------
Name                           Type       Size  Value                                               
----------------------------------------------------------------------------------------------------
req                            write_xtn  -     @1028                                               
  begin_time                   time       64    0                                                   
  depth                        int        32    'd2                                                 
  parent sequence (name)       string     9     ten_wxtns                                           
  parent sequence (full name)  string     52    uvm_test_top.ram_envh.wagt_top.agnth.seqrh.ten_wxtns
  sequencer                    string     42    uvm_test_top.ram_envh.wagt_top.agnth.seqrh          
  data                         integral   64    'd31                                                
  address                      integral   12    'd0                                                 
  write                        integral   -1    'd1                                                 
  xtn_delay                    integral   65    'd5232228509377787215                               
  xtn_type                     addr_t     1     GOOD_XTN                                            
----------------------------------------------------------------------------------------------------

UVM_INFO ../wr_agt_top/ram_wr_monitor.sv(113) @ 40000: uvm_test_top.ram_envh.wagt_top.agnth.monh [RAM_WR_MONITOR] printing from monitor 
 --------------------------------------
Name         Type       Size  Value   
--------------------------------------
data_sent    write_xtn  -     @1008   
  data       integral   64    'd31    
  address    integral   12    'd0     
  write      integral   -1    'd1     
  xtn_delay  integral   65    'd0     
  xtn_type   addr_t     1     GOOD_XTN
--------------------------------------

UVM_INFO ../wr_agt_top/ram_wr_driver.sv(117) @ 150000: uvm_test_top.ram_envh.wagt_top.agnth.drvh [RAM_WR_DRIVER] printing from driver 
 ----------------------------------------------------------------------------------------------------
Name                           Type       Size  Value                                               
----------------------------------------------------------------------------------------------------
req                            write_xtn  -     @1109                                               
  begin_time                   time       64    150000                                              
  depth                        int        32    'd2                                                 
  parent sequence (name)       string     9     ten_wxtns                                           
  parent sequence (full name)  string     52    uvm_test_top.ram_envh.wagt_top.agnth.seqrh.ten_wxtns
  sequencer                    string     42    uvm_test_top.ram_envh.wagt_top.agnth.seqrh          
  data                         integral   64    'd60                                                
  address                      integral   12    'd1                                                 
  write                        integral   -1    'd1                                                 
  xtn_delay                    integral   65    'd4387495328267508539                               
  xtn_type                     addr_t     1     GOOD_XTN                                            
----------------------------------------------------------------------------------------------------

UVM_INFO ../wr_agt_top/ram_wr_monitor.sv(113) @ 200000: uvm_test_top.ram_envh.wagt_top.agnth.monh [RAM_WR_MONITOR] printing from monitor 
 --------------------------------------
Name         Type       Size  Value   
--------------------------------------
data_sent    write_xtn  -     @1104   
  data       integral   64    'd60    
  address    integral   12    'd1     
  write      integral   -1    'd1     
  xtn_delay  integral   65    'd0     
  xtn_type   addr_t     1     GOOD_XTN
--------------------------------------

UVM_INFO ../wr_agt_top/ram_wr_driver.sv(117) @ 310000: uvm_test_top.ram_envh.wagt_top.agnth.drvh [RAM_WR_DRIVER] printing from driver 
 ----------------------------------------------------------------------------------------------------
Name                           Type       Size  Value                                               
----------------------------------------------------------------------------------------------------
req                            write_xtn  -     @1117                                               
  begin_time                   time       64    310000                                              
  depth                        int        32    'd2                                                 
  parent sequence (name)       string     9     ten_wxtns                                           
  parent sequence (full name)  string     52    uvm_test_top.ram_envh.wagt_top.agnth.seqrh.ten_wxtns
  sequencer                    string     42    uvm_test_top.ram_envh.wagt_top.agnth.seqrh          
  data                         integral   64    'd63                                                
  address                      integral   12    'd2                                                 
  write                        integral   -1    'd1                                                 
  xtn_delay                    integral   65    'd4272320349549553487                               
  xtn_type                     addr_t     1     GOOD_XTN                                            
----------------------------------------------------------------------------------------------------

UVM_INFO ../wr_agt_top/ram_wr_monitor.sv(113) @ 360000: uvm_test_top.ram_envh.wagt_top.agnth.monh [RAM_WR_MONITOR] printing from monitor 
 --------------------------------------
Name         Type       Size  Value   
--------------------------------------
data_sent    write_xtn  -     @1113   
  data       integral   64    'd63    
  address    integral   12    'd2     
  write      integral   -1    'd1     
  xtn_delay  integral   65    'd0     
  xtn_type   addr_t     1     GOOD_XTN
--------------------------------------

UVM_INFO ../wr_agt_top/ram_wr_driver.sv(117) @ 470000: uvm_test_top.ram_envh.wagt_top.agnth.drvh [RAM_WR_DRIVER] printing from driver 
 ----------------------------------------------------------------------------------------------------
Name                           Type       Size  Value                                               
----------------------------------------------------------------------------------------------------
req                            write_xtn  -     @1125                                               
  begin_time                   time       64    470000                                              
  depth                        int        32    'd2                                                 
  parent sequence (name)       string     9     ten_wxtns                                           
  parent sequence (full name)  string     52    uvm_test_top.ram_envh.wagt_top.agnth.seqrh.ten_wxtns
  sequencer                    string     42    uvm_test_top.ram_envh.wagt_top.agnth.seqrh          
  data                         integral   64    'd85                                                
  address                      integral   12    'd3                                                 
  write                        integral   -1    'd1                                                 
  xtn_delay                    integral   65    'd15953935636729178527                              
  xtn_type                     addr_t     1     GOOD_XTN                                            
----------------------------------------------------------------------------------------------------

UVM_INFO ../wr_agt_top/ram_wr_monitor.sv(113) @ 520000: uvm_test_top.ram_envh.wagt_top.agnth.monh [RAM_WR_MONITOR] printing from monitor 
 --------------------------------------
Name         Type       Size  Value   
--------------------------------------
data_sent    write_xtn  -     @1121   
  data       integral   64    'd85    
  address    integral   12    'd3     
  write      integral   -1    'd1     
  xtn_delay  integral   65    'd0     
  xtn_type   addr_t     1     GOOD_XTN
--------------------------------------

UVM_INFO ../wr_agt_top/ram_wr_driver.sv(117) @ 630000: uvm_test_top.ram_envh.wagt_top.agnth.drvh [RAM_WR_DRIVER] printing from driver 
 ----------------------------------------------------------------------------------------------------
Name                           Type       Size  Value                                               
----------------------------------------------------------------------------------------------------
req                            write_xtn  -     @1133                                               
  begin_time                   time       64    630000                                              
  depth                        int        32    'd2                                                 
  parent sequence (name)       string     9     ten_wxtns                                           
  parent sequence (full name)  string     52    uvm_test_top.ram_envh.wagt_top.agnth.seqrh.ten_wxtns
  sequencer                    string     42    uvm_test_top.ram_envh.wagt_top.agnth.seqrh          
  data                         integral   64    'd66                                                
  address                      integral   12    'd4                                                 
  write                        integral   -1    'd1                                                 
  xtn_delay                    integral   65    'd14500883954481511738                              
  xtn_type                     addr_t     1     GOOD_XTN                                            
----------------------------------------------------------------------------------------------------

UVM_INFO ../wr_agt_top/ram_wr_monitor.sv(113) @ 680000: uvm_test_top.ram_envh.wagt_top.agnth.monh [RAM_WR_MONITOR] printing from monitor 
 --------------------------------------
Name         Type       Size  Value   
--------------------------------------
data_sent    write_xtn  -     @1129   
  data       integral   64    'd66    
  address    integral   12    'd4     
  write      integral   -1    'd1     
  xtn_delay  integral   65    'd0     
  xtn_type   addr_t     1     GOOD_XTN
--------------------------------------

UVM_INFO ../wr_agt_top/ram_wr_driver.sv(117) @ 790000: uvm_test_top.ram_envh.wagt_top.agnth.drvh [RAM_WR_DRIVER] printing from driver 
 ----------------------------------------------------------------------------------------------------
Name                           Type       Size  Value                                               
----------------------------------------------------------------------------------------------------
req                            write_xtn  -     @1141                                               
  begin_time                   time       64    790000                                              
  depth                        int        32    'd2                                                 
  parent sequence (name)       string     9     ten_wxtns                                           
  parent sequence (full name)  string     52    uvm_test_top.ram_envh.wagt_top.agnth.seqrh.ten_wxtns
  sequencer                    string     42    uvm_test_top.ram_envh.wagt_top.agnth.seqrh          
  data                         integral   64    'd34                                                
  address                      integral   12    'd5                                                 
  write                        integral   -1    'd1                                                 
  xtn_delay                    integral   65    'd262531733377646112                                
  xtn_type                     addr_t     1     GOOD_XTN                                            
----------------------------------------------------------------------------------------------------

UVM_INFO ../wr_agt_top/ram_wr_monitor.sv(113) @ 840000: uvm_test_top.ram_envh.wagt_top.agnth.monh [RAM_WR_MONITOR] printing from monitor 
 --------------------------------------
Name         Type       Size  Value   
--------------------------------------
data_sent    write_xtn  -     @1137   
  data       integral   64    'd34    
  address    integral   12    'd5     
  write      integral   -1    'd1     
  xtn_delay  integral   65    'd0     
  xtn_type   addr_t     1     GOOD_XTN
--------------------------------------

UVM_INFO ../wr_agt_top/ram_wr_driver.sv(117) @ 950000: uvm_test_top.ram_envh.wagt_top.agnth.drvh [RAM_WR_DRIVER] printing from driver 
 ----------------------------------------------------------------------------------------------------
Name                           Type       Size  Value                                               
----------------------------------------------------------------------------------------------------
req                            write_xtn  -     @1149                                               
  begin_time                   time       64    950000                                              
  depth                        int        32    'd2                                                 
  parent sequence (name)       string     9     ten_wxtns                                           
  parent sequence (full name)  string     52    uvm_test_top.ram_envh.wagt_top.agnth.seqrh.ten_wxtns
  sequencer                    string     42    uvm_test_top.ram_envh.wagt_top.agnth.seqrh          
  data                         integral   64    'd75                                                
  address                      integral   12    'd6                                                 
  write                        integral   -1    'd1                                                 
  xtn_delay                    integral   65    'd9711742670233827545                               
  xtn_type                     addr_t     1     GOOD_XTN                                            
----------------------------------------------------------------------------------------------------

UVM_INFO ../wr_agt_top/ram_wr_monitor.sv(113) @ 1000000: uvm_test_top.ram_envh.wagt_top.agnth.monh [RAM_WR_MONITOR] printing from monitor 
 --------------------------------------
Name         Type       Size  Value   
--------------------------------------
data_sent    write_xtn  -     @1145   
  data       integral   64    'd75    
  address    integral   12    'd6     
  write      integral   -1    'd1     
  xtn_delay  integral   65    'd0     
  xtn_type   addr_t     1     GOOD_XTN
--------------------------------------

UVM_INFO ../wr_agt_top/ram_wr_driver.sv(117) @ 1110000: uvm_test_top.ram_envh.wagt_top.agnth.drvh [RAM_WR_DRIVER] printing from driver 
 ----------------------------------------------------------------------------------------------------
Name                           Type       Size  Value                                               
----------------------------------------------------------------------------------------------------
req                            write_xtn  -     @1157                                               
  begin_time                   time       64    1110000                                             
  depth                        int        32    'd2                                                 
  parent sequence (name)       string     9     ten_wxtns                                           
  parent sequence (full name)  string     52    uvm_test_top.ram_envh.wagt_top.agnth.seqrh.ten_wxtns
  sequencer                    string     42    uvm_test_top.ram_envh.wagt_top.agnth.seqrh          
  data                         integral   64    'd59                                                
  address                      integral   12    'd7                                                 
  write                        integral   -1    'd1                                                 
  xtn_delay                    integral   65    'd16843387639871988676                              
  xtn_type                     addr_t     1     GOOD_XTN                                            
----------------------------------------------------------------------------------------------------

UVM_INFO ../wr_agt_top/ram_wr_monitor.sv(113) @ 1160000: uvm_test_top.ram_envh.wagt_top.agnth.monh [RAM_WR_MONITOR] printing from monitor 
 --------------------------------------
Name         Type       Size  Value   
--------------------------------------
data_sent    write_xtn  -     @1153   
  data       integral   64    'd59    
  address    integral   12    'd7     
  write      integral   -1    'd1     
  xtn_delay  integral   65    'd0     
  xtn_type   addr_t     1     GOOD_XTN
--------------------------------------

UVM_INFO ../wr_agt_top/ram_wr_driver.sv(117) @ 1270000: uvm_test_top.ram_envh.wagt_top.agnth.drvh [RAM_WR_DRIVER] printing from driver 
 ----------------------------------------------------------------------------------------------------
Name                           Type       Size  Value                                               
----------------------------------------------------------------------------------------------------
req                            write_xtn  -     @1165                                               
  begin_time                   time       64    1270000                                             
  depth                        int        32    'd2                                                 
  parent sequence (name)       string     9     ten_wxtns                                           
  parent sequence (full name)  string     52    uvm_test_top.ram_envh.wagt_top.agnth.seqrh.ten_wxtns
  sequencer                    string     42    uvm_test_top.ram_envh.wagt_top.agnth.seqrh          
  data                         integral   64    'd36                                                
  address                      integral   12    'd8                                                 
  write                        integral   -1    'd1                                                 
  xtn_delay                    integral   65    'd16419676518693862364                              
  xtn_type                     addr_t     1     GOOD_XTN                                            
----------------------------------------------------------------------------------------------------

UVM_INFO ../wr_agt_top/ram_wr_monitor.sv(113) @ 1320000: uvm_test_top.ram_envh.wagt_top.agnth.monh [RAM_WR_MONITOR] printing from monitor 
 --------------------------------------
Name         Type       Size  Value   
--------------------------------------
data_sent    write_xtn  -     @1161   
  data       integral   64    'd36    
  address    integral   12    'd8     
  write      integral   -1    'd1     
  xtn_delay  integral   65    'd0     
  xtn_type   addr_t     1     GOOD_XTN
--------------------------------------

UVM_INFO ../wr_agt_top/ram_wr_driver.sv(117) @ 1430000: uvm_test_top.ram_envh.wagt_top.agnth.drvh [RAM_WR_DRIVER] printing from driver 
 ----------------------------------------------------------------------------------------------------
Name                           Type       Size  Value                                               
----------------------------------------------------------------------------------------------------
req                            write_xtn  -     @1173                                               
  begin_time                   time       64    1430000                                             
  depth                        int        32    'd2                                                 
  parent sequence (name)       string     9     ten_wxtns                                           
  parent sequence (full name)  string     52    uvm_test_top.ram_envh.wagt_top.agnth.seqrh.ten_wxtns
  sequencer                    string     42    uvm_test_top.ram_envh.wagt_top.agnth.seqrh          
  data                         integral   64    'd32                                                
  address                      integral   12    'd9                                                 
  write                        integral   -1    'd1                                                 
  xtn_delay                    integral   65    'd7215343166590279183                               
  xtn_type                     addr_t     1     GOOD_XTN                                            
----------------------------------------------------------------------------------------------------

UVM_INFO ../wr_agt_top/ram_wr_monitor.sv(113) @ 1480000: uvm_test_top.ram_envh.wagt_top.agnth.monh [RAM_WR_MONITOR] printing from monitor 
 --------------------------------------
Name         Type       Size  Value   
--------------------------------------
data_sent    write_xtn  -     @1169   
  data       integral   64    'd32    
  address    integral   12    'd9     
  write      integral   -1    'd1     
  xtn_delay  integral   65    'd0     
  xtn_type   addr_t     1     GOOD_XTN
--------------------------------------

UVM_INFO ../rd_agt_top/ram_rd_driver.sv(118) @ 1590000: uvm_test_top.ram_envh.ragt_top.agnth.drvh [RAM_RD_DRIVER] printing from driver 
 ---------------------------------------------------------------------------------------------------
Name                           Type      Size  Value                                               
---------------------------------------------------------------------------------------------------
req                            read_xtn  -     @1182                                               
  begin_time                   time      64    1590000                                             
  depth                        int       32    'd2                                                 
  parent sequence (name)       string    9     ten_rxtns                                           
  parent sequence (full name)  string    52    uvm_test_top.ram_envh.ragt_top.agnth.seqrh.ten_rxtns
  sequencer                    string    42    uvm_test_top.ram_envh.ragt_top.agnth.seqrh          
  data                         integral  64    'd882546458059896664                                
  address                      integral  12    'd0                                                 
  read                         integral  -1    'd1                                                 
  xtn_delay                    integral  65    'd10081761009644552441                              
  xtn_type                     addr_t    1     GOOD_XTN                                            
---------------------------------------------------------------------------------------------------

UVM_INFO ../rd_agt_top/ram_rd_driver.sv(118) @ 1830000: uvm_test_top.ram_envh.ragt_top.agnth.drvh [RAM_RD_DRIVER] printing from driver 
 ---------------------------------------------------------------------------------------------------
Name                           Type      Size  Value                                               
---------------------------------------------------------------------------------------------------
req                            read_xtn  -     @1191                                               
  begin_time                   time      64    1830000                                             
  depth                        int       32    'd2                                                 
  parent sequence (name)       string    9     ten_rxtns                                           
  parent sequence (full name)  string    52    uvm_test_top.ram_envh.ragt_top.agnth.seqrh.ten_rxtns
  sequencer                    string    42    uvm_test_top.ram_envh.ragt_top.agnth.seqrh          
  data                         integral  64    11028455439489304107                                
  address                      integral  12    'd1                                                 
  read                         integral  -1    'd1                                                 
  xtn_delay                    integral  65    'd5994002146820518473                               
  xtn_type                     addr_t    1     GOOD_XTN                                            
---------------------------------------------------------------------------------------------------

UVM_INFO ../rd_agt_top/ram_rd_driver.sv(118) @ 2070000: uvm_test_top.ram_envh.ragt_top.agnth.drvh [RAM_RD_DRIVER] printing from driver 
 ---------------------------------------------------------------------------------------------------
Name                           Type      Size  Value                                               
---------------------------------------------------------------------------------------------------
req                            read_xtn  -     @1199                                               
  begin_time                   time      64    2070000                                             
  depth                        int       32    'd2                                                 
  parent sequence (name)       string    9     ten_rxtns                                           
  parent sequence (full name)  string    52    uvm_test_top.ram_envh.ragt_top.agnth.seqrh.ten_rxtns
  sequencer                    string    42    uvm_test_top.ram_envh.ragt_top.agnth.seqrh          
  data                         integral  64    'd8619828871708197740                               
  address                      integral  12    'd2                                                 
  read                         integral  -1    'd1                                                 
  xtn_delay                    integral  65    'd2293170387158878852                               
  xtn_type                     addr_t    1     GOOD_XTN                                            
---------------------------------------------------------------------------------------------------

UVM_INFO ../rd_agt_top/ram_rd_driver.sv(118) @ 2310000: uvm_test_top.ram_envh.ragt_top.agnth.drvh [RAM_RD_DRIVER] printing from driver 
 ---------------------------------------------------------------------------------------------------
Name                           Type      Size  Value                                               
---------------------------------------------------------------------------------------------------
req                            read_xtn  -     @1207                                               
  begin_time                   time      64    2310000                                             
  depth                        int       32    'd2                                                 
  parent sequence (name)       string    9     ten_rxtns                                           
  parent sequence (full name)  string    52    uvm_test_top.ram_envh.ragt_top.agnth.seqrh.ten_rxtns
  sequencer                    string    42    uvm_test_top.ram_envh.ragt_top.agnth.seqrh          
  data                         integral  64    11875742847632398652                                
  address                      integral  12    'd3                                                 
  read                         integral  -1    'd1                                                 
  xtn_delay                    integral  65    'd281758126932253600                                
  xtn_type                     addr_t    1     GOOD_XTN                                            
---------------------------------------------------------------------------------------------------

UVM_INFO ../rd_agt_top/ram_rd_driver.sv(118) @ 2550000: uvm_test_top.ram_envh.ragt_top.agnth.drvh [RAM_RD_DRIVER] printing from driver 
 ---------------------------------------------------------------------------------------------------
Name                           Type      Size  Value                                               
---------------------------------------------------------------------------------------------------
req                            read_xtn  -     @1215                                               
  begin_time                   time      64    2550000                                             
  depth                        int       32    'd2                                                 
  parent sequence (name)       string    9     ten_rxtns                                           
  parent sequence (full name)  string    52    uvm_test_top.ram_envh.ragt_top.agnth.seqrh.ten_rxtns
  sequencer                    string    42    uvm_test_top.ram_envh.ragt_top.agnth.seqrh          
  data                         integral  64    16079053278451261264                                
  address                      integral  12    'd4                                                 
  read                         integral  -1    'd1                                                 
  xtn_delay                    integral  65    'd1543674770788970051                               
  xtn_type                     addr_t    1     GOOD_XTN                                            
---------------------------------------------------------------------------------------------------

UVM_INFO ../rd_agt_top/ram_rd_driver.sv(118) @ 2790000: uvm_test_top.ram_envh.ragt_top.agnth.drvh [RAM_RD_DRIVER] printing from driver 
 ---------------------------------------------------------------------------------------------------
Name                           Type      Size  Value                                               
---------------------------------------------------------------------------------------------------
req                            read_xtn  -     @1223                                               
  begin_time                   time      64    2790000                                             
  depth                        int       32    'd2                                                 
  parent sequence (name)       string    9     ten_rxtns                                           
  parent sequence (full name)  string    52    uvm_test_top.ram_envh.ragt_top.agnth.seqrh.ten_rxtns
  sequencer                    string    42    uvm_test_top.ram_envh.ragt_top.agnth.seqrh          
  data                         integral  64    16710688024944911385                                
  address                      integral  12    'd5                                                 
  read                         integral  -1    'd1                                                 
  xtn_delay                    integral  65    'd15863657432331524902                              
  xtn_type                     addr_t    1     GOOD_XTN                                            
---------------------------------------------------------------------------------------------------

UVM_INFO ../rd_agt_top/ram_rd_driver.sv(118) @ 3030000: uvm_test_top.ram_envh.ragt_top.agnth.drvh [RAM_RD_DRIVER] printing from driver 
 ---------------------------------------------------------------------------------------------------
Name                           Type      Size  Value                                               
---------------------------------------------------------------------------------------------------
req                            read_xtn  -     @1231                                               
  begin_time                   time      64    3030000                                             
  depth                        int       32    'd2                                                 
  parent sequence (name)       string    9     ten_rxtns                                           
  parent sequence (full name)  string    52    uvm_test_top.ram_envh.ragt_top.agnth.seqrh.ten_rxtns
  sequencer                    string    42    uvm_test_top.ram_envh.ragt_top.agnth.seqrh          
  data                         integral  64    11274594612401962821                                
  address                      integral  12    'd344                                               
  read                         integral  -1    'd1                                                 
  xtn_delay                    integral  65    'd14125123171293652279                              
  xtn_type                     addr_t    1     BAD_XTN                                             
---------------------------------------------------------------------------------------------------

UVM_INFO ../rd_agt_top/ram_rd_driver.sv(118) @ 3270000: uvm_test_top.ram_envh.ragt_top.agnth.drvh [RAM_RD_DRIVER] printing from driver 
 ---------------------------------------------------------------------------------------------------
Name                           Type      Size  Value                                               
---------------------------------------------------------------------------------------------------
req                            read_xtn  -     @1239                                               
  begin_time                   time      64    3270000                                             
  depth                        int       32    'd2                                                 
  parent sequence (name)       string    9     ten_rxtns                                           
  parent sequence (full name)  string    52    uvm_test_top.ram_envh.ragt_top.agnth.seqrh.ten_rxtns
  sequencer                    string    42    uvm_test_top.ram_envh.ragt_top.agnth.seqrh          
  data                         integral  64    'd2311771622421537422                               
  address                      integral  12    'd7                                                 
  read                         integral  -1    'd1                                                 
  xtn_delay                    integral  65    'd3273041152332815839                               
  xtn_type                     addr_t    1     GOOD_XTN                                            
---------------------------------------------------------------------------------------------------

UVM_INFO ../rd_agt_top/ram_rd_driver.sv(118) @ 3510000: uvm_test_top.ram_envh.ragt_top.agnth.drvh [RAM_RD_DRIVER] printing from driver 
 ---------------------------------------------------------------------------------------------------
Name                           Type      Size  Value                                               
---------------------------------------------------------------------------------------------------
req                            read_xtn  -     @1247                                               
  begin_time                   time      64    3510000                                             
  depth                        int       32    'd2                                                 
  parent sequence (name)       string    9     ten_rxtns                                           
  parent sequence (full name)  string    52    uvm_test_top.ram_envh.ragt_top.agnth.seqrh.ten_rxtns
  sequencer                    string    42    uvm_test_top.ram_envh.ragt_top.agnth.seqrh          
  data                         integral  64    15519124035122901862                                
  address                      integral  12    'd8                                                 
  read                         integral  -1    'd1                                                 
  xtn_delay                    integral  65    'd11579596601458490570                              
  xtn_type                     addr_t    1     GOOD_XTN                                            
---------------------------------------------------------------------------------------------------

UVM_INFO ../rd_agt_top/ram_rd_driver.sv(118) @ 3750000: uvm_test_top.ram_envh.ragt_top.agnth.drvh [RAM_RD_DRIVER] printing from driver 
 ---------------------------------------------------------------------------------------------------
Name                           Type      Size  Value                                               
---------------------------------------------------------------------------------------------------
req                            read_xtn  -     @1255                                               
  begin_time                   time      64    3750000                                             
  depth                        int       32    'd2                                                 
  parent sequence (name)       string    9     ten_rxtns                                           
  parent sequence (full name)  string    52    uvm_test_top.ram_envh.ragt_top.agnth.seqrh.ten_rxtns
  sequencer                    string    42    uvm_test_top.ram_envh.ragt_top.agnth.seqrh          
  data                         integral  64    13051530932798095203                                
  address                      integral  12    'd9                                                 
  read                         integral  -1    'd1                                                 
  xtn_delay                    integral  65    'd10984219146782227320                              
  xtn_type                     addr_t    1     GOOD_XTN                                            
---------------------------------------------------------------------------------------------------

UVM_INFO /home/cad/eda/SYNOPSYS/VCS/vcs/T-2022.06-SP1/etc/uvm/base/uvm_objection.svh(1274) @ 3990000: reporter [TEST_DONE] 'run' phase is ready to proceed to the 'extract' phase
display drv_data_sent_cnt value = 10
mon_rcvd_xtn_cnt value = 10 
drv_data_sent_cnt value = 10 
 mon_rcvd_xtn_cnt value  = 10

--- UVM Report Summary ---

** Report counts by severity
UVM_INFO :   34
UVM_WARNING :    0
UVM_ERROR :    0
UVM_FATAL :    0
** Report counts by id
[RAM_RD_DRIVER]    10
[RAM_WR_DRIVER]    10
[RAM_WR_MONITOR]    10
[RNTST]     1
[TEST_DONE]     1
[UVMTOP]     2
$finish called from file "/home/cad/eda/SYNOPSYS/VCS/vcs/T-2022.06-SP1/etc/uvm/base/uvm_root.svh", line 437.
$finish at simulation time              3990000
           V C S   S i m u l a t i o n   R e p o r t 
Time: 3990000 ps
CPU Time:      0.340 seconds;       Data structure size:   0.6Mb
Mon Nov 11 13:41:06 2024
